The target system is: Generic -  - 
The host system is: Linux - 6.6.87.2-microsoft-standard-WSL2 - x86_64
Compiling the C compiler identification source file "CMakeCCompilerId.c" succeeded.
Compiler: /home/umesh_adwait/.espressif/tools/xtensa-esp-elf/esp-15.1.0_20250607/xtensa-esp-elf/bin/xtensa-esp32-elf-gcc 
Build flags: -mlongcalls;-Wno-frame-address;-fno-builtin-memcpy;-fno-builtin-memset;-fno-builtin-bzero;
Id flags:  

The output was:
0


Compilation of the C compiler identification source "CMakeCCompilerId.c" produced "a.out"

The C compiler identification is GNU, found in "/home/umesh_adwait/esp-idf/examples/get-started/test_phase2/build/CMakeFiles/3.16.3/CompilerIdC/a.out"

Compiling the CXX compiler identification source file "CMakeCXXCompilerId.cpp" succeeded.
Compiler: /home/umesh_adwait/.espressif/tools/xtensa-esp-elf/esp-15.1.0_20250607/xtensa-esp-elf/bin/xtensa-esp32-elf-g++ 
Build flags: -mlongcalls;-Wno-frame-address;-fno-builtin-memcpy;-fno-builtin-memset;-fno-builtin-bzero;
Id flags:  

The output was:
0


Compilation of the CXX compiler identification source "CMakeCXXCompilerId.cpp" produced "a.out"

The CXX compiler identification is GNU, found in "/home/umesh_adwait/esp-idf/examples/get-started/test_phase2/build/CMakeFiles/3.16.3/CompilerIdCXX/a.out"

Checking whether the ASM compiler is GNU using "--version" matched "(GNU assembler)|(GCC)|(Free Software Foundation)":
xtensa-esp-elf-gcc (crosstool-NG esp-15.1.0_20250607) 15.1.0
Copyright (C) 2025 Free Software Foundation, Inc.
This is free software; see the source for copying conditions.  There is NO
warranty; not even for MERCHANTABILITY or FITNESS FOR A PARTICULAR PURPOSE.

Determining if the C compiler works passed with the following output:
Change Dir: /home/umesh_adwait/esp-idf/examples/get-started/test_phase2/build/CMakeFiles/CMakeTmp

Run Build Command(s):/usr/bin/make cmTC_988c0/fast && /usr/bin/make -f CMakeFiles/cmTC_988c0.dir/build.make CMakeFiles/cmTC_988c0.dir/build
make[1]: Entering directory '/home/umesh_adwait/esp-idf/examples/get-started/test_phase2/build/CMakeFiles/CMakeTmp'
Building C object CMakeFiles/cmTC_988c0.dir/testCCompiler.c.obj
/home/umesh_adwait/.espressif/tools/xtensa-esp-elf/esp-15.1.0_20250607/xtensa-esp-elf/bin/xtensa-esp32-elf-gcc   -mlongcalls -Wno-frame-address -fno-builtin-memcpy -fno-builtin-memset -fno-builtin-bzero     -o CMakeFiles/cmTC_988c0.dir/testCCompiler.c.obj   -c /home/umesh_adwait/esp-idf/examples/get-started/test_phase2/build/CMakeFiles/CMakeTmp/testCCompiler.c
Linking C executable cmTC_988c0
/usr/bin/cmake -E cmake_link_script CMakeFiles/cmTC_988c0.dir/link.txt --verbose=1
/home/umesh_adwait/.espressif/tools/xtensa-esp-elf/esp-15.1.0_20250607/xtensa-esp-elf/bin/xtensa-esp32-elf-gcc -mlongcalls -Wno-frame-address -fno-builtin-memcpy -fno-builtin-memset -fno-builtin-bzero    -nostartfiles   CMakeFiles/cmTC_988c0.dir/testCCompiler.c.obj  -o cmTC_988c0 
/home/umesh_adwait/.espressif/tools/xtensa-esp-elf/esp-15.1.0_20250607/xtensa-esp-elf/bin/../lib/gcc/xtensa-esp-elf/15.1.0/../../../../xtensa-esp-elf/bin/ld: warning: cannot find entry symbol _start; defaulting to 00400054
make[1]: Leaving directory '/home/umesh_adwait/esp-idf/examples/get-started/test_phase2/build/CMakeFiles/CMakeTmp'



Detecting C compiler ABI info compiled with the following output:
Change Dir: /home/umesh_adwait/esp-idf/examples/get-started/test_phase2/build/CMakeFiles/CMakeTmp

Run Build Command(s):/usr/bin/make cmTC_bb61d/fast && /usr/bin/make -f CMakeFiles/cmTC_bb61d.dir/build.make CMakeFiles/cmTC_bb61d.dir/build
make[1]: Entering directory '/home/umesh_adwait/esp-idf/examples/get-started/test_phase2/build/CMakeFiles/CMakeTmp'
Building C object CMakeFiles/cmTC_bb61d.dir/CMakeCCompilerABI.c.obj
/home/umesh_adwait/.espressif/tools/xtensa-esp-elf/esp-15.1.0_20250607/xtensa-esp-elf/bin/xtensa-esp32-elf-gcc   -mlongcalls -Wno-frame-address -fno-builtin-memcpy -fno-builtin-memset -fno-builtin-bzero     -v -o CMakeFiles/cmTC_bb61d.dir/CMakeCCompilerABI.c.obj   -c /usr/share/cmake-3.16/Modules/CMakeCCompilerABI.c
Using built-in specs.
COLLECT_GCC=/home/umesh_adwait/.espressif/tools/xtensa-esp-elf/esp-15.1.0_20250607/xtensa-esp-elf/bin/xtensa-esp-elf-gcc
Target: xtensa-esp-elf
Configured with: /builds/idf/crosstool-NG/.build/xtensa-esp-elf/src/gcc/configure --build=x86_64-build_pc-linux-gnu --host=x86_64-build_pc-linux-gnu --target=xtensa-esp-elf --prefix=/builds/idf/crosstool-NG/builds/xtensa-esp-elf --exec_prefix=/builds/idf/crosstool-NG/builds/xtensa-esp-elf --with-local-prefix=/builds/idf/crosstool-NG/builds/xtensa-esp-elf/xtensa-esp-elf --with-sysroot=/builds/idf/crosstool-NG/builds/xtensa-esp-elf/xtensa-esp-elf --with-native-system-header-dir=/include --with-headers=/builds/idf/crosstool-NG/builds/xtensa-esp-elf/xtensa-esp-elf/include --with-newlib --enable-threads=no --disable-shared --with-pkgversion='crosstool-NG esp-15.1.0_20250607' --disable-__cxa_atexit --enable-cxx-flags='-ffunction-sections -fdata-sections' --disable-libgomp --disable-libmudflap --disable-libmpx --disable-libssp --disable-libquadmath --disable-libquadmath-support --disable-libstdcxx-verbose --with-gmp=/builds/idf/crosstool-NG/.build/xtensa-esp-elf/buildtools --with-mpfr=/builds/idf/crosstool-NG/.build/xtensa-esp-elf/buildtools --with-mpc=/builds/idf/crosstool-NG/.build/xtensa-esp-elf/buildtools --with-isl=/builds/idf/crosstool-NG/.build/xtensa-esp-elf/buildtools --enable-lto --enable-target-optspace --without-long-double-128 --enable-plugin --disable-nls --enable-multiarch --enable-languages=c,c++ --disable-libstdcxx-verbose --enable-threads=posix --enable-libstdcxx-time=yes --disable-win32-utf8-manifest
Thread model: posix
Supported LTO compression algorithms: zlib zstd
gcc version 15.1.0 (crosstool-NG esp-15.1.0_20250607) 
COLLECT_GCC_OPTIONS='-mdynconfig=xtensa_esp32.so' '-mlongcalls' '-Wno-frame-address' '-fno-builtin-memcpy' '-fno-builtin-memset' '-fno-builtin-bzero' '-v' '-o' 'CMakeFiles/cmTC_bb61d.dir/CMakeCCompilerABI.c.obj' '-c' '-dumpdir' 'CMakeFiles/cmTC_bb61d.dir/'
 /home/umesh_adwait/.espressif/tools/xtensa-esp-elf/esp-15.1.0_20250607/xtensa-esp-elf/bin/../libexec/gcc/xtensa-esp-elf/15.1.0/cc1 -quiet -v -imultilib esp32 -iprefix /home/umesh_adwait/.espressif/tools/xtensa-esp-elf/esp-15.1.0_20250607/xtensa-esp-elf/bin/../lib/gcc/xtensa-esp-elf/15.1.0/ -isysroot /home/umesh_adwait/.espressif/tools/xtensa-esp-elf/esp-15.1.0_20250607/xtensa-esp-elf/bin/../xtensa-esp-elf /usr/share/cmake-3.16/Modules/CMakeCCompilerABI.c -quiet -dumpdir CMakeFiles/cmTC_bb61d.dir/ -dumpbase CMakeCCompilerABI.c.c -dumpbase-ext .c -mdynconfig=xtensa_esp32.so -mlongcalls -Wno-frame-address -version -fno-builtin-memcpy -fno-builtin-memset -fno-builtin-bzero -o /tmp/ccp2ZDko.s
GNU C23 (crosstool-NG esp-15.1.0_20250607) version 15.1.0 (xtensa-esp-elf)
	compiled by GNU C version 6.3.0, GMP version 6.3.0, MPFR version 4.2.1, MPC version 1.3.1, isl version isl-0.26-GMP

GGC heuristics: --param ggc-min-expand=100 --param ggc-min-heapsize=131072
ignoring duplicate directory "/home/umesh_adwait/.espressif/tools/xtensa-esp-elf/esp-15.1.0_20250607/xtensa-esp-elf/bin/../lib/gcc/../../lib/gcc/xtensa-esp-elf/15.1.0/include"
ignoring nonexistent directory "/home/umesh_adwait/.espressif/tools/xtensa-esp-elf/esp-15.1.0_20250607/xtensa-esp-elf/bin/../xtensa-esp-elf/builds/idf/crosstool-NG/builds/xtensa-esp-elf/xtensa-esp-elf/include"
ignoring duplicate directory "/home/umesh_adwait/.espressif/tools/xtensa-esp-elf/esp-15.1.0_20250607/xtensa-esp-elf/bin/../lib/gcc/../../lib/gcc/xtensa-esp-elf/15.1.0/include-fixed"
ignoring duplicate directory "/home/umesh_adwait/.espressif/tools/xtensa-esp-elf/esp-15.1.0_20250607/xtensa-esp-elf/bin/../lib/gcc/../../lib/gcc/xtensa-esp-elf/15.1.0/../../../../xtensa-esp-elf/include"
ignoring duplicate directory "/home/umesh_adwait/.espressif/tools/xtensa-esp-elf/esp-15.1.0_20250607/xtensa-esp-elf/bin/../xtensa-esp-elf/include"
#include "..." search starts here:
#include <...> search starts here:
 /home/umesh_adwait/.espressif/tools/xtensa-esp-elf/esp-15.1.0_20250607/xtensa-esp-elf/bin/../lib/gcc/xtensa-esp-elf/15.1.0/include
 /home/umesh_adwait/.espressif/tools/xtensa-esp-elf/esp-15.1.0_20250607/xtensa-esp-elf/bin/../lib/gcc/xtensa-esp-elf/15.1.0/include-fixed
 /home/umesh_adwait/.espressif/tools/xtensa-esp-elf/esp-15.1.0_20250607/xtensa-esp-elf/bin/../lib/gcc/xtensa-esp-elf/15.1.0/../../../../xtensa-esp-elf/include
End of search list.
Compiler executable checksum: b8af796b165ddbed35358e5506fa35de
COLLECT_GCC_OPTIONS='-mdynconfig=xtensa_esp32.so' '-mlongcalls' '-Wno-frame-address' '-fno-builtin-memcpy' '-fno-builtin-memset' '-fno-builtin-bzero' '-v' '-o' 'CMakeFiles/cmTC_bb61d.dir/CMakeCCompilerABI.c.obj' '-c' '-dumpdir' 'CMakeFiles/cmTC_bb61d.dir/'
 /home/umesh_adwait/.espressif/tools/xtensa-esp-elf/esp-15.1.0_20250607/xtensa-esp-elf/bin/../lib/gcc/xtensa-esp-elf/15.1.0/../../../../xtensa-esp-elf/bin/as --traditional-format --longcalls --dynconfig=xtensa_esp32.so -o CMakeFiles/cmTC_bb61d.dir/CMakeCCompilerABI.c.obj /tmp/ccp2ZDko.s
COMPILER_PATH=/home/umesh_adwait/.espressif/tools/xtensa-esp-elf/esp-15.1.0_20250607/xtensa-esp-elf/bin/../libexec/gcc/xtensa-esp-elf/15.1.0/:/home/umesh_adwait/.espressif/tools/xtensa-esp-elf/esp-15.1.0_20250607/xtensa-esp-elf/bin/../libexec/gcc/:/home/umesh_adwait/.espressif/tools/xtensa-esp-elf/esp-15.1.0_20250607/xtensa-esp-elf/bin/../lib/gcc/xtensa-esp-elf/15.1.0/../../../../xtensa-esp-elf/bin/
LIBRARY_PATH=/home/umesh_adwait/.espressif/tools/xtensa-esp-elf/esp-15.1.0_20250607/xtensa-esp-elf/bin/../lib/gcc/xtensa-esp-elf/15.1.0/esp32/:/home/umesh_adwait/.espressif/tools/xtensa-esp-elf/esp-15.1.0_20250607/xtensa-esp-elf/bin/../lib/gcc/xtensa-esp-elf/15.1.0/../../../../xtensa-esp-elf/lib/esp32/:/home/umesh_adwait/.espressif/tools/xtensa-esp-elf/esp-15.1.0_20250607/xtensa-esp-elf/bin/../xtensa-esp-elf/lib/esp32/:/home/umesh_adwait/.espressif/tools/xtensa-esp-elf/esp-15.1.0_20250607/xtensa-esp-elf/bin/../lib/gcc/xtensa-esp-elf/15.1.0/:/home/umesh_adwait/.espressif/tools/xtensa-esp-elf/esp-15.1.0_20250607/xtensa-esp-elf/bin/../lib/gcc/:/home/umesh_adwait/.espressif/tools/xtensa-esp-elf/esp-15.1.0_20250607/xtensa-esp-elf/bin/../lib/gcc/xtensa-esp-elf/15.1.0/../../../../xtensa-esp-elf/lib/:/home/umesh_adwait/.espressif/tools/xtensa-esp-elf/esp-15.1.0_20250607/xtensa-esp-elf/bin/../xtensa-esp-elf/lib/:/home/umesh_adwait/.espressif/tools/xtensa-esp-elf/esp-15.1.0_20250607/xtensa-esp-elf/bin/../xtensa-esp-elf/usr/lib/
COLLECT_GCC_OPTIONS='-mdynconfig=xtensa_esp32.so' '-mlongcalls' '-Wno-frame-address' '-fno-builtin-memcpy' '-fno-builtin-memset' '-fno-builtin-bzero' '-v' '-o' 'CMakeFiles/cmTC_bb61d.dir/CMakeCCompilerABI.c.obj' '-c' '-dumpdir' 'CMakeFiles/cmTC_bb61d.dir/CMakeCCompilerABI.c.'
Linking C executable cmTC_bb61d
/usr/bin/cmake -E cmake_link_script CMakeFiles/cmTC_bb61d.dir/link.txt --verbose=1
/home/umesh_adwait/.espressif/tools/xtensa-esp-elf/esp-15.1.0_20250607/xtensa-esp-elf/bin/xtensa-esp32-elf-gcc -mlongcalls -Wno-frame-address -fno-builtin-memcpy -fno-builtin-memset -fno-builtin-bzero    -nostartfiles  -v CMakeFiles/cmTC_bb61d.dir/CMakeCCompilerABI.c.obj  -o cmTC_bb61d 
Using built-in specs.
COLLECT_GCC=/home/umesh_adwait/.espressif/tools/xtensa-esp-elf/esp-15.1.0_20250607/xtensa-esp-elf/bin/xtensa-esp-elf-gcc
COLLECT_LTO_WRAPPER=/home/umesh_adwait/.espressif/tools/xtensa-esp-elf/esp-15.1.0_20250607/xtensa-esp-elf/bin/../libexec/gcc/xtensa-esp-elf/15.1.0/lto-wrapper
Target: xtensa-esp-elf
Configured with: /builds/idf/crosstool-NG/.build/xtensa-esp-elf/src/gcc/configure --build=x86_64-build_pc-linux-gnu --host=x86_64-build_pc-linux-gnu --target=xtensa-esp-elf --prefix=/builds/idf/crosstool-NG/builds/xtensa-esp-elf --exec_prefix=/builds/idf/crosstool-NG/builds/xtensa-esp-elf --with-local-prefix=/builds/idf/crosstool-NG/builds/xtensa-esp-elf/xtensa-esp-elf --with-sysroot=/builds/idf/crosstool-NG/builds/xtensa-esp-elf/xtensa-esp-elf --with-native-system-header-dir=/include --with-headers=/builds/idf/crosstool-NG/builds/xtensa-esp-elf/xtensa-esp-elf/include --with-newlib --enable-threads=no --disable-shared --with-pkgversion='crosstool-NG esp-15.1.0_20250607' --disable-__cxa_atexit --enable-cxx-flags='-ffunction-sections -fdata-sections' --disable-libgomp --disable-libmudflap --disable-libmpx --disable-libssp --disable-libquadmath --disable-libquadmath-support --disable-libstdcxx-verbose --with-gmp=/builds/idf/crosstool-NG/.build/xtensa-esp-elf/buildtools --with-mpfr=/builds/idf/crosstool-NG/.build/xtensa-esp-elf/buildtools --with-mpc=/builds/idf/crosstool-NG/.build/xtensa-esp-elf/buildtools --with-isl=/builds/idf/crosstool-NG/.build/xtensa-esp-elf/buildtools --enable-lto --enable-target-optspace --without-long-double-128 --enable-plugin --disable-nls --enable-multiarch --enable-languages=c,c++ --disable-libstdcxx-verbose --enable-threads=posix --enable-libstdcxx-time=yes --disable-win32-utf8-manifest
Thread model: posix
Supported LTO compression algorithms: zlib zstd
gcc version 15.1.0 (crosstool-NG esp-15.1.0_20250607) 
COMPILER_PATH=/home/umesh_adwait/.espressif/tools/xtensa-esp-elf/esp-15.1.0_20250607/xtensa-esp-elf/bin/../libexec/gcc/xtensa-esp-elf/15.1.0/:/home/umesh_adwait/.espressif/tools/xtensa-esp-elf/esp-15.1.0_20250607/xtensa-esp-elf/bin/../libexec/gcc/:/home/umesh_adwait/.espressif/tools/xtensa-esp-elf/esp-15.1.0_20250607/xtensa-esp-elf/bin/../lib/gcc/xtensa-esp-elf/15.1.0/../../../../xtensa-esp-elf/bin/
LIBRARY_PATH=/home/umesh_adwait/.espressif/tools/xtensa-esp-elf/esp-15.1.0_20250607/xtensa-esp-elf/bin/../lib/gcc/xtensa-esp-elf/15.1.0/esp32/:/home/umesh_adwait/.espressif/tools/xtensa-esp-elf/esp-15.1.0_20250607/xtensa-esp-elf/bin/../lib/gcc/xtensa-esp-elf/15.1.0/../../../../xtensa-esp-elf/lib/esp32/:/home/umesh_adwait/.espressif/tools/xtensa-esp-elf/esp-15.1.0_20250607/xtensa-esp-elf/bin/../xtensa-esp-elf/lib/esp32/:/home/umesh_adwait/.espressif/tools/xtensa-esp-elf/esp-15.1.0_20250607/xtensa-esp-elf/bin/../lib/gcc/xtensa-esp-elf/15.1.0/:/home/umesh_adwait/.espressif/tools/xtensa-esp-elf/esp-15.1.0_20250607/xtensa-esp-elf/bin/../lib/gcc/:/home/umesh_adwait/.espressif/tools/xtensa-esp-elf/esp-15.1.0_20250607/xtensa-esp-elf/bin/../lib/gcc/xtensa-esp-elf/15.1.0/../../../../xtensa-esp-elf/lib/:/home/umesh_adwait/.espressif/tools/xtensa-esp-elf/esp-15.1.0_20250607/xtensa-esp-elf/bin/../xtensa-esp-elf/lib/:/home/umesh_adwait/.espressif/tools/xtensa-esp-elf/esp-15.1.0_20250607/xtensa-esp-elf/bin/../xtensa-esp-elf/usr/lib/
COLLECT_GCC_OPTIONS='-mdynconfig=xtensa_esp32.so' '-mlongcalls' '-Wno-frame-address' '-fno-builtin-memcpy' '-fno-builtin-memset' '-fno-builtin-bzero' '-nostartfiles' '-v' '-o' 'cmTC_bb61d' '-dumpdir' 'cmTC_bb61d.'
 /home/umesh_adwait/.espressif/tools/xtensa-esp-elf/esp-15.1.0_20250607/xtensa-esp-elf/bin/../libexec/gcc/xtensa-esp-elf/15.1.0/collect2 -plugin /home/umesh_adwait/.espressif/tools/xtensa-esp-elf/esp-15.1.0_20250607/xtensa-esp-elf/bin/../libexec/gcc/xtensa-esp-elf/15.1.0/liblto_plugin.so -plugin-opt=/home/umesh_adwait/.espressif/tools/xtensa-esp-elf/esp-15.1.0_20250607/xtensa-esp-elf/bin/../libexec/gcc/xtensa-esp-elf/15.1.0/lto-wrapper -plugin-opt=-fresolution=/tmp/cchHNAwR.res -plugin-opt=-pass-through=-lgcc -plugin-opt=-pass-through=-lc -plugin-opt=-pass-through=-lnosys -plugin-opt=-pass-through=-lc -plugin-opt=-pass-through=-lgcc --sysroot=/home/umesh_adwait/.espressif/tools/xtensa-esp-elf/esp-15.1.0_20250607/xtensa-esp-elf/bin/../xtensa-esp-elf --dynconfig=xtensa_esp32.so -o cmTC_bb61d -L/home/umesh_adwait/.espressif/tools/xtensa-esp-elf/esp-15.1.0_20250607/xtensa-esp-elf/bin/../lib/gcc/xtensa-esp-elf/15.1.0/esp32 -L/home/umesh_adwait/.espressif/tools/xtensa-esp-elf/esp-15.1.0_20250607/xtensa-esp-elf/bin/../lib/gcc/xtensa-esp-elf/15.1.0/../../../../xtensa-esp-elf/lib/esp32 -L/home/umesh_adwait/.espressif/tools/xtensa-esp-elf/esp-15.1.0_20250607/xtensa-esp-elf/bin/../xtensa-esp-elf/lib/esp32 -L/home/umesh_adwait/.espressif/tools/xtensa-esp-elf/esp-15.1.0_20250607/xtensa-esp-elf/bin/../lib/gcc/xtensa-esp-elf/15.1.0 -L/home/umesh_adwait/.espressif/tools/xtensa-esp-elf/esp-15.1.0_20250607/xtensa-esp-elf/bin/../lib/gcc -L/home/umesh_adwait/.espressif/tools/xtensa-esp-elf/esp-15.1.0_20250607/xtensa-esp-elf/bin/../lib/gcc/xtensa-esp-elf/15.1.0/../../../../xtensa-esp-elf/lib -L/home/umesh_adwait/.espressif/tools/xtensa-esp-elf/esp-15.1.0_20250607/xtensa-esp-elf/bin/../xtensa-esp-elf/lib -L/home/umesh_adwait/.espressif/tools/xtensa-esp-elf/esp-15.1.0_20250607/xtensa-esp-elf/bin/../xtensa-esp-elf/usr/lib CMakeFiles/cmTC_bb61d.dir/CMakeCCompilerABI.c.obj -lgcc -lc -lnosys -lc -lgcc
/home/umesh_adwait/.espressif/tools/xtensa-esp-elf/esp-15.1.0_20250607/xtensa-esp-elf/bin/../lib/gcc/xtensa-esp-elf/15.1.0/../../../../xtensa-esp-elf/bin/ld: warning: cannot find entry symbol _start; defaulting to 00400054
COLLECT_GCC_OPTIONS='-mdynconfig=xtensa_esp32.so' '-mlongcalls' '-Wno-frame-address' '-fno-builtin-memcpy' '-fno-builtin-memset' '-fno-builtin-bzero' '-nostartfiles' '-v' '-o' 'cmTC_bb61d' '-dumpdir' 'cmTC_bb61d.'
make[1]: Leaving directory '/home/umesh_adwait/esp-idf/examples/get-started/test_phase2/build/CMakeFiles/CMakeTmp'



Parsed C implicit include dir info from above output: rv=done
  found start of include info
  found start of implicit include info
    add: [/home/umesh_adwait/.espressif/tools/xtensa-esp-elf/esp-15.1.0_20250607/xtensa-esp-elf/bin/../lib/gcc/xtensa-esp-elf/15.1.0/include]
    add: [/home/umesh_adwait/.espressif/tools/xtensa-esp-elf/esp-15.1.0_20250607/xtensa-esp-elf/bin/../lib/gcc/xtensa-esp-elf/15.1.0/include-fixed]
    add: [/home/umesh_adwait/.espressif/tools/xtensa-esp-elf/esp-15.1.0_20250607/xtensa-esp-elf/bin/../lib/gcc/xtensa-esp-elf/15.1.0/../../../../xtensa-esp-elf/include]
  end of search list found
  collapse include dir [/home/umesh_adwait/.espressif/tools/xtensa-esp-elf/esp-15.1.0_20250607/xtensa-esp-elf/bin/../lib/gcc/xtensa-esp-elf/15.1.0/include] ==> [/home/umesh_adwait/.espressif/tools/xtensa-esp-elf/esp-15.1.0_20250607/xtensa-esp-elf/lib/gcc/xtensa-esp-elf/15.1.0/include]
  collapse include dir [/home/umesh_adwait/.espressif/tools/xtensa-esp-elf/esp-15.1.0_20250607/xtensa-esp-elf/bin/../lib/gcc/xtensa-esp-elf/15.1.0/include-fixed] ==> [/home/umesh_adwait/.espressif/tools/xtensa-esp-elf/esp-15.1.0_20250607/xtensa-esp-elf/lib/gcc/xtensa-esp-elf/15.1.0/include-fixed]
  collapse include dir [/home/umesh_adwait/.espressif/tools/xtensa-esp-elf/esp-15.1.0_20250607/xtensa-esp-elf/bin/../lib/gcc/xtensa-esp-elf/15.1.0/../../../../xtensa-esp-elf/include] ==> [/home/umesh_adwait/.espressif/tools/xtensa-esp-elf/esp-15.1.0_20250607/xtensa-esp-elf/xtensa-esp-elf/include]
  implicit include dirs: [/home/umesh_adwait/.espressif/tools/xtensa-esp-elf/esp-15.1.0_20250607/xtensa-esp-elf/lib/gcc/xtensa-esp-elf/15.1.0/include;/home/umesh_adwait/.espressif/tools/xtensa-esp-elf/esp-15.1.0_20250607/xtensa-esp-elf/lib/gcc/xtensa-esp-elf/15.1.0/include-fixed;/home/umesh_adwait/.espressif/tools/xtensa-esp-elf/esp-15.1.0_20250607/xtensa-esp-elf/xtensa-esp-elf/include]


Parsed C implicit link information from above output:
  link line regex: [^( *|.*[/\])(xtensa-esp32-elf-ld|CMAKE_LINK_STARTFILE-NOTFOUND|([^/\]+-)?ld|collect2)[^/\]*( |$)]
  ignore line: [Change Dir: /home/umesh_adwait/esp-idf/examples/get-started/test_phase2/build/CMakeFiles/CMakeTmp]
  ignore line: []
  ignore line: [Run Build Command(s):/usr/bin/make cmTC_bb61d/fast && /usr/bin/make -f CMakeFiles/cmTC_bb61d.dir/build.make CMakeFiles/cmTC_bb61d.dir/build]
  ignore line: [make[1]: Entering directory '/home/umesh_adwait/esp-idf/examples/get-started/test_phase2/build/CMakeFiles/CMakeTmp']
  ignore line: [Building C object CMakeFiles/cmTC_bb61d.dir/CMakeCCompilerABI.c.obj]
  ignore line: [/home/umesh_adwait/.espressif/tools/xtensa-esp-elf/esp-15.1.0_20250607/xtensa-esp-elf/bin/xtensa-esp32-elf-gcc   -mlongcalls -Wno-frame-address -fno-builtin-memcpy -fno-builtin-memset -fno-builtin-bzero     -v -o CMakeFiles/cmTC_bb61d.dir/CMakeCCompilerABI.c.obj   -c /usr/share/cmake-3.16/Modules/CMakeCCompilerABI.c]
  ignore line: [Using built-in specs.]
  ignore line: [COLLECT_GCC=/home/umesh_adwait/.espressif/tools/xtensa-esp-elf/esp-15.1.0_20250607/xtensa-esp-elf/bin/xtensa-esp-elf-gcc]
  ignore line: [Target: xtensa-esp-elf]
  ignore line: [Configured with: /builds/idf/crosstool-NG/.build/xtensa-esp-elf/src/gcc/configure --build=x86_64-build_pc-linux-gnu --host=x86_64-build_pc-linux-gnu --target=xtensa-esp-elf --prefix=/builds/idf/crosstool-NG/builds/xtensa-esp-elf --exec_prefix=/builds/idf/crosstool-NG/builds/xtensa-esp-elf --with-local-prefix=/builds/idf/crosstool-NG/builds/xtensa-esp-elf/xtensa-esp-elf --with-sysroot=/builds/idf/crosstool-NG/builds/xtensa-esp-elf/xtensa-esp-elf --with-native-system-header-dir=/include --with-headers=/builds/idf/crosstool-NG/builds/xtensa-esp-elf/xtensa-esp-elf/include --with-newlib --enable-threads=no --disable-shared --with-pkgversion='crosstool-NG esp-15.1.0_20250607' --disable-__cxa_atexit --enable-cxx-flags='-ffunction-sections -fdata-sections' --disable-libgomp --disable-libmudflap --disable-libmpx --disable-libssp --disable-libquadmath --disable-libquadmath-support --disable-libstdcxx-verbose --with-gmp=/builds/idf/crosstool-NG/.build/xtensa-esp-elf/buildtools --with-mpfr=/builds/idf/crosstool-NG/.build/xtensa-esp-elf/buildtools --with-mpc=/builds/idf/crosstool-NG/.build/xtensa-esp-elf/buildtools --with-isl=/builds/idf/crosstool-NG/.build/xtensa-esp-elf/buildtools --enable-lto --enable-target-optspace --without-long-double-128 --enable-plugin --disable-nls --enable-multiarch --enable-languages=c c++ --disable-libstdcxx-verbose --enable-threads=posix --enable-libstdcxx-time=yes --disable-win32-utf8-manifest]
  ignore line: [Thread model: posix]
  ignore line: [Supported LTO compression algorithms: zlib zstd]
  ignore line: [gcc version 15.1.0 (crosstool-NG esp-15.1.0_20250607) ]
  ignore line: [COLLECT_GCC_OPTIONS='-mdynconfig=xtensa_esp32.so' '-mlongcalls' '-Wno-frame-address' '-fno-builtin-memcpy' '-fno-builtin-memset' '-fno-builtin-bzero' '-v' '-o' 'CMakeFiles/cmTC_bb61d.dir/CMakeCCompilerABI.c.obj' '-c' '-dumpdir' 'CMakeFiles/cmTC_bb61d.dir/']
  ignore line: [ /home/umesh_adwait/.espressif/tools/xtensa-esp-elf/esp-15.1.0_20250607/xtensa-esp-elf/bin/../libexec/gcc/xtensa-esp-elf/15.1.0/cc1 -quiet -v -imultilib esp32 -iprefix /home/umesh_adwait/.espressif/tools/xtensa-esp-elf/esp-15.1.0_20250607/xtensa-esp-elf/bin/../lib/gcc/xtensa-esp-elf/15.1.0/ -isysroot /home/umesh_adwait/.espressif/tools/xtensa-esp-elf/esp-15.1.0_20250607/xtensa-esp-elf/bin/../xtensa-esp-elf /usr/share/cmake-3.16/Modules/CMakeCCompilerABI.c -quiet -dumpdir CMakeFiles/cmTC_bb61d.dir/ -dumpbase CMakeCCompilerABI.c.c -dumpbase-ext .c -mdynconfig=xtensa_esp32.so -mlongcalls -Wno-frame-address -version -fno-builtin-memcpy -fno-builtin-memset -fno-builtin-bzero -o /tmp/ccp2ZDko.s]
  ignore line: [GNU C23 (crosstool-NG esp-15.1.0_20250607) version 15.1.0 (xtensa-esp-elf)]
  ignore line: [	compiled by GNU C version 6.3.0  GMP version 6.3.0  MPFR version 4.2.1  MPC version 1.3.1  isl version isl-0.26-GMP]
  ignore line: []
  ignore line: [GGC heuristics: --param ggc-min-expand=100 --param ggc-min-heapsize=131072]
  ignore line: [ignoring duplicate directory "/home/umesh_adwait/.espressif/tools/xtensa-esp-elf/esp-15.1.0_20250607/xtensa-esp-elf/bin/../lib/gcc/../../lib/gcc/xtensa-esp-elf/15.1.0/include"]
  ignore line: [ignoring nonexistent directory "/home/umesh_adwait/.espressif/tools/xtensa-esp-elf/esp-15.1.0_20250607/xtensa-esp-elf/bin/../xtensa-esp-elf/builds/idf/crosstool-NG/builds/xtensa-esp-elf/xtensa-esp-elf/include"]
  ignore line: [ignoring duplicate directory "/home/umesh_adwait/.espressif/tools/xtensa-esp-elf/esp-15.1.0_20250607/xtensa-esp-elf/bin/../lib/gcc/../../lib/gcc/xtensa-esp-elf/15.1.0/include-fixed"]
  ignore line: [ignoring duplicate directory "/home/umesh_adwait/.espressif/tools/xtensa-esp-elf/esp-15.1.0_20250607/xtensa-esp-elf/bin/../lib/gcc/../../lib/gcc/xtensa-esp-elf/15.1.0/../../../../xtensa-esp-elf/include"]
  ignore line: [ignoring duplicate directory "/home/umesh_adwait/.espressif/tools/xtensa-esp-elf/esp-15.1.0_20250607/xtensa-esp-elf/bin/../xtensa-esp-elf/include"]
  ignore line: [#include "..." search starts here:]
  ignore line: [#include <...> search starts here:]
  ignore line: [ /home/umesh_adwait/.espressif/tools/xtensa-esp-elf/esp-15.1.0_20250607/xtensa-esp-elf/bin/../lib/gcc/xtensa-esp-elf/15.1.0/include]
  ignore line: [ /home/umesh_adwait/.espressif/tools/xtensa-esp-elf/esp-15.1.0_20250607/xtensa-esp-elf/bin/../lib/gcc/xtensa-esp-elf/15.1.0/include-fixed]
  ignore line: [ /home/umesh_adwait/.espressif/tools/xtensa-esp-elf/esp-15.1.0_20250607/xtensa-esp-elf/bin/../lib/gcc/xtensa-esp-elf/15.1.0/../../../../xtensa-esp-elf/include]
  ignore line: [End of search list.]
  ignore line: [Compiler executable checksum: b8af796b165ddbed35358e5506fa35de]
  ignore line: [COLLECT_GCC_OPTIONS='-mdynconfig=xtensa_esp32.so' '-mlongcalls' '-Wno-frame-address' '-fno-builtin-memcpy' '-fno-builtin-memset' '-fno-builtin-bzero' '-v' '-o' 'CMakeFiles/cmTC_bb61d.dir/CMakeCCompilerABI.c.obj' '-c' '-dumpdir' 'CMakeFiles/cmTC_bb61d.dir/']
  ignore line: [ /home/umesh_adwait/.espressif/tools/xtensa-esp-elf/esp-15.1.0_20250607/xtensa-esp-elf/bin/../lib/gcc/xtensa-esp-elf/15.1.0/../../../../xtensa-esp-elf/bin/as --traditional-format --longcalls --dynconfig=xtensa_esp32.so -o CMakeFiles/cmTC_bb61d.dir/CMakeCCompilerABI.c.obj /tmp/ccp2ZDko.s]
  ignore line: [COMPILER_PATH=/home/umesh_adwait/.espressif/tools/xtensa-esp-elf/esp-15.1.0_20250607/xtensa-esp-elf/bin/../libexec/gcc/xtensa-esp-elf/15.1.0/:/home/umesh_adwait/.espressif/tools/xtensa-esp-elf/esp-15.1.0_20250607/xtensa-esp-elf/bin/../libexec/gcc/:/home/umesh_adwait/.espressif/tools/xtensa-esp-elf/esp-15.1.0_20250607/xtensa-esp-elf/bin/../lib/gcc/xtensa-esp-elf/15.1.0/../../../../xtensa-esp-elf/bin/]
  ignore line: [LIBRARY_PATH=/home/umesh_adwait/.espressif/tools/xtensa-esp-elf/esp-15.1.0_20250607/xtensa-esp-elf/bin/../lib/gcc/xtensa-esp-elf/15.1.0/esp32/:/home/umesh_adwait/.espressif/tools/xtensa-esp-elf/esp-15.1.0_20250607/xtensa-esp-elf/bin/../lib/gcc/xtensa-esp-elf/15.1.0/../../../../xtensa-esp-elf/lib/esp32/:/home/umesh_adwait/.espressif/tools/xtensa-esp-elf/esp-15.1.0_20250607/xtensa-esp-elf/bin/../xtensa-esp-elf/lib/esp32/:/home/umesh_adwait/.espressif/tools/xtensa-esp-elf/esp-15.1.0_20250607/xtensa-esp-elf/bin/../lib/gcc/xtensa-esp-elf/15.1.0/:/home/umesh_adwait/.espressif/tools/xtensa-esp-elf/esp-15.1.0_20250607/xtensa-esp-elf/bin/../lib/gcc/:/home/umesh_adwait/.espressif/tools/xtensa-esp-elf/esp-15.1.0_20250607/xtensa-esp-elf/bin/../lib/gcc/xtensa-esp-elf/15.1.0/../../../../xtensa-esp-elf/lib/:/home/umesh_adwait/.espressif/tools/xtensa-esp-elf/esp-15.1.0_20250607/xtensa-esp-elf/bin/../xtensa-esp-elf/lib/:/home/umesh_adwait/.espressif/tools/xtensa-esp-elf/esp-15.1.0_20250607/xtensa-esp-elf/bin/../xtensa-esp-elf/usr/lib/]
  ignore line: [COLLECT_GCC_OPTIONS='-mdynconfig=xtensa_esp32.so' '-mlongcalls' '-Wno-frame-address' '-fno-builtin-memcpy' '-fno-builtin-memset' '-fno-builtin-bzero' '-v' '-o' 'CMakeFiles/cmTC_bb61d.dir/CMakeCCompilerABI.c.obj' '-c' '-dumpdir' 'CMakeFiles/cmTC_bb61d.dir/CMakeCCompilerABI.c.']
  ignore line: [Linking C executable cmTC_bb61d]
  ignore line: [/usr/bin/cmake -E cmake_link_script CMakeFiles/cmTC_bb61d.dir/link.txt --verbose=1]
  ignore line: [/home/umesh_adwait/.espressif/tools/xtensa-esp-elf/esp-15.1.0_20250607/xtensa-esp-elf/bin/xtensa-esp32-elf-gcc -mlongcalls -Wno-frame-address -fno-builtin-memcpy -fno-builtin-memset -fno-builtin-bzero    -nostartfiles  -v CMakeFiles/cmTC_bb61d.dir/CMakeCCompilerABI.c.obj  -o cmTC_bb61d ]
  ignore line: [Using built-in specs.]
  ignore line: [COLLECT_GCC=/home/umesh_adwait/.espressif/tools/xtensa-esp-elf/esp-15.1.0_20250607/xtensa-esp-elf/bin/xtensa-esp-elf-gcc]
  ignore line: [COLLECT_LTO_WRAPPER=/home/umesh_adwait/.espressif/tools/xtensa-esp-elf/esp-15.1.0_20250607/xtensa-esp-elf/bin/../libexec/gcc/xtensa-esp-elf/15.1.0/lto-wrapper]
  ignore line: [Target: xtensa-esp-elf]
  ignore line: [Configured with: /builds/idf/crosstool-NG/.build/xtensa-esp-elf/src/gcc/configure --build=x86_64-build_pc-linux-gnu --host=x86_64-build_pc-linux-gnu --target=xtensa-esp-elf --prefix=/builds/idf/crosstool-NG/builds/xtensa-esp-elf --exec_prefix=/builds/idf/crosstool-NG/builds/xtensa-esp-elf --with-local-prefix=/builds/idf/crosstool-NG/builds/xtensa-esp-elf/xtensa-esp-elf --with-sysroot=/builds/idf/crosstool-NG/builds/xtensa-esp-elf/xtensa-esp-elf --with-native-system-header-dir=/include --with-headers=/builds/idf/crosstool-NG/builds/xtensa-esp-elf/xtensa-esp-elf/include --with-newlib --enable-threads=no --disable-shared --with-pkgversion='crosstool-NG esp-15.1.0_20250607' --disable-__cxa_atexit --enable-cxx-flags='-ffunction-sections -fdata-sections' --disable-libgomp --disable-libmudflap --disable-libmpx --disable-libssp --disable-libquadmath --disable-libquadmath-support --disable-libstdcxx-verbose --with-gmp=/builds/idf/crosstool-NG/.build/xtensa-esp-elf/buildtools --with-mpfr=/builds/idf/crosstool-NG/.build/xtensa-esp-elf/buildtools --with-mpc=/builds/idf/crosstool-NG/.build/xtensa-esp-elf/buildtools --with-isl=/builds/idf/crosstool-NG/.build/xtensa-esp-elf/buildtools --enable-lto --enable-target-optspace --without-long-double-128 --enable-plugin --disable-nls --enable-multiarch --enable-languages=c c++ --disable-libstdcxx-verbose --enable-threads=posix --enable-libstdcxx-time=yes --disable-win32-utf8-manifest]
  ignore line: [Thread model: posix]
  ignore line: [Supported LTO compression algorithms: zlib zstd]
  ignore line: [gcc version 15.1.0 (crosstool-NG esp-15.1.0_20250607) ]
  ignore line: [COMPILER_PATH=/home/umesh_adwait/.espressif/tools/xtensa-esp-elf/esp-15.1.0_20250607/xtensa-esp-elf/bin/../libexec/gcc/xtensa-esp-elf/15.1.0/:/home/umesh_adwait/.espressif/tools/xtensa-esp-elf/esp-15.1.0_20250607/xtensa-esp-elf/bin/../libexec/gcc/:/home/umesh_adwait/.espressif/tools/xtensa-esp-elf/esp-15.1.0_20250607/xtensa-esp-elf/bin/../lib/gcc/xtensa-esp-elf/15.1.0/../../../../xtensa-esp-elf/bin/]
  ignore line: [LIBRARY_PATH=/home/umesh_adwait/.espressif/tools/xtensa-esp-elf/esp-15.1.0_20250607/xtensa-esp-elf/bin/../lib/gcc/xtensa-esp-elf/15.1.0/esp32/:/home/umesh_adwait/.espressif/tools/xtensa-esp-elf/esp-15.1.0_20250607/xtensa-esp-elf/bin/../lib/gcc/xtensa-esp-elf/15.1.0/../../../../xtensa-esp-elf/lib/esp32/:/home/umesh_adwait/.espressif/tools/xtensa-esp-elf/esp-15.1.0_20250607/xtensa-esp-elf/bin/../xtensa-esp-elf/lib/esp32/:/home/umesh_adwait/.espressif/tools/xtensa-esp-elf/esp-15.1.0_20250607/xtensa-esp-elf/bin/../lib/gcc/xtensa-esp-elf/15.1.0/:/home/umesh_adwait/.espressif/tools/xtensa-esp-elf/esp-15.1.0_20250607/xtensa-esp-elf/bin/../lib/gcc/:/home/umesh_adwait/.espressif/tools/xtensa-esp-elf/esp-15.1.0_20250607/xtensa-esp-elf/bin/../lib/gcc/xtensa-esp-elf/15.1.0/../../../../xtensa-esp-elf/lib/:/home/umesh_adwait/.espressif/tools/xtensa-esp-elf/esp-15.1.0_20250607/xtensa-esp-elf/bin/../xtensa-esp-elf/lib/:/home/umesh_adwait/.espressif/tools/xtensa-esp-elf/esp-15.1.0_20250607/xtensa-esp-elf/bin/../xtensa-esp-elf/usr/lib/]
  ignore line: [COLLECT_GCC_OPTIONS='-mdynconfig=xtensa_esp32.so' '-mlongcalls' '-Wno-frame-address' '-fno-builtin-memcpy' '-fno-builtin-memset' '-fno-builtin-bzero' '-nostartfiles' '-v' '-o' 'cmTC_bb61d' '-dumpdir' 'cmTC_bb61d.']
  link line: [ /home/umesh_adwait/.espressif/tools/xtensa-esp-elf/esp-15.1.0_20250607/xtensa-esp-elf/bin/../libexec/gcc/xtensa-esp-elf/15.1.0/collect2 -plugin /home/umesh_adwait/.espressif/tools/xtensa-esp-elf/esp-15.1.0_20250607/xtensa-esp-elf/bin/../libexec/gcc/xtensa-esp-elf/15.1.0/liblto_plugin.so -plugin-opt=/home/umesh_adwait/.espressif/tools/xtensa-esp-elf/esp-15.1.0_20250607/xtensa-esp-elf/bin/../libexec/gcc/xtensa-esp-elf/15.1.0/lto-wrapper -plugin-opt=-fresolution=/tmp/cchHNAwR.res -plugin-opt=-pass-through=-lgcc -plugin-opt=-pass-through=-lc -plugin-opt=-pass-through=-lnosys -plugin-opt=-pass-through=-lc -plugin-opt=-pass-through=-lgcc --sysroot=/home/umesh_adwait/.espressif/tools/xtensa-esp-elf/esp-15.1.0_20250607/xtensa-esp-elf/bin/../xtensa-esp-elf --dynconfig=xtensa_esp32.so -o cmTC_bb61d -L/home/umesh_adwait/.espressif/tools/xtensa-esp-elf/esp-15.1.0_20250607/xtensa-esp-elf/bin/../lib/gcc/xtensa-esp-elf/15.1.0/esp32 -L/home/umesh_adwait/.espressif/tools/xtensa-esp-elf/esp-15.1.0_20250607/xtensa-esp-elf/bin/../lib/gcc/xtensa-esp-elf/15.1.0/../../../../xtensa-esp-elf/lib/esp32 -L/home/umesh_adwait/.espressif/tools/xtensa-esp-elf/esp-15.1.0_20250607/xtensa-esp-elf/bin/../xtensa-esp-elf/lib/esp32 -L/home/umesh_adwait/.espressif/tools/xtensa-esp-elf/esp-15.1.0_20250607/xtensa-esp-elf/bin/../lib/gcc/xtensa-esp-elf/15.1.0 -L/home/umesh_adwait/.espressif/tools/xtensa-esp-elf/esp-15.1.0_20250607/xtensa-esp-elf/bin/../lib/gcc -L/home/umesh_adwait/.espressif/tools/xtensa-esp-elf/esp-15.1.0_20250607/xtensa-esp-elf/bin/../lib/gcc/xtensa-esp-elf/15.1.0/../../../../xtensa-esp-elf/lib -L/home/umesh_adwait/.espressif/tools/xtensa-esp-elf/esp-15.1.0_20250607/xtensa-esp-elf/bin/../xtensa-esp-elf/lib -L/home/umesh_adwait/.espressif/tools/xtensa-esp-elf/esp-15.1.0_20250607/xtensa-esp-elf/bin/../xtensa-esp-elf/usr/lib CMakeFiles/cmTC_bb61d.dir/CMakeCCompilerABI.c.obj -lgcc -lc -lnosys -lc -lgcc]
    arg [/home/umesh_adwait/.espressif/tools/xtensa-esp-elf/esp-15.1.0_20250607/xtensa-esp-elf/bin/../libexec/gcc/xtensa-esp-elf/15.1.0/collect2] ==> ignore
    arg [-plugin] ==> ignore
    arg [/home/umesh_adwait/.espressif/tools/xtensa-esp-elf/esp-15.1.0_20250607/xtensa-esp-elf/bin/../libexec/gcc/xtensa-esp-elf/15.1.0/liblto_plugin.so] ==> ignore
    arg [-plugin-opt=/home/umesh_adwait/.espressif/tools/xtensa-esp-elf/esp-15.1.0_20250607/xtensa-esp-elf/bin/../libexec/gcc/xtensa-esp-elf/15.1.0/lto-wrapper] ==> ignore
    arg [-plugin-opt=-fresolution=/tmp/cchHNAwR.res] ==> ignore
    arg [-plugin-opt=-pass-through=-lgcc] ==> ignore
    arg [-plugin-opt=-pass-through=-lc] ==> ignore
    arg [-plugin-opt=-pass-through=-lnosys] ==> ignore
    arg [-plugin-opt=-pass-through=-lc] ==> ignore
    arg [-plugin-opt=-pass-through=-lgcc] ==> ignore
    arg [--sysroot=/home/umesh_adwait/.espressif/tools/xtensa-esp-elf/esp-15.1.0_20250607/xtensa-esp-elf/bin/../xtensa-esp-elf] ==> ignore
    arg [--dynconfig=xtensa_esp32.so] ==> ignore
    arg [-o] ==> ignore
    arg [cmTC_bb61d] ==> ignore
    arg [-L/home/umesh_adwait/.espressif/tools/xtensa-esp-elf/esp-15.1.0_20250607/xtensa-esp-elf/bin/../lib/gcc/xtensa-esp-elf/15.1.0/esp32] ==> dir [/home/umesh_adwait/.espressif/tools/xtensa-esp-elf/esp-15.1.0_20250607/xtensa-esp-elf/bin/../lib/gcc/xtensa-esp-elf/15.1.0/esp32]
    arg [-L/home/umesh_adwait/.espressif/tools/xtensa-esp-elf/esp-15.1.0_20250607/xtensa-esp-elf/bin/../lib/gcc/xtensa-esp-elf/15.1.0/../../../../xtensa-esp-elf/lib/esp32] ==> dir [/home/umesh_adwait/.espressif/tools/xtensa-esp-elf/esp-15.1.0_20250607/xtensa-esp-elf/bin/../lib/gcc/xtensa-esp-elf/15.1.0/../../../../xtensa-esp-elf/lib/esp32]
    arg [-L/home/umesh_adwait/.espressif/tools/xtensa-esp-elf/esp-15.1.0_20250607/xtensa-esp-elf/bin/../xtensa-esp-elf/lib/esp32] ==> dir [/home/umesh_adwait/.espressif/tools/xtensa-esp-elf/esp-15.1.0_20250607/xtensa-esp-elf/bin/../xtensa-esp-elf/lib/esp32]
    arg [-L/home/umesh_adwait/.espressif/tools/xtensa-esp-elf/esp-15.1.0_20250607/xtensa-esp-elf/bin/../lib/gcc/xtensa-esp-elf/15.1.0] ==> dir [/home/umesh_adwait/.espressif/tools/xtensa-esp-elf/esp-15.1.0_20250607/xtensa-esp-elf/bin/../lib/gcc/xtensa-esp-elf/15.1.0]
    arg [-L/home/umesh_adwait/.espressif/tools/xtensa-esp-elf/esp-15.1.0_20250607/xtensa-esp-elf/bin/../lib/gcc] ==> dir [/home/umesh_adwait/.espressif/tools/xtensa-esp-elf/esp-15.1.0_20250607/xtensa-esp-elf/bin/../lib/gcc]
    arg [-L/home/umesh_adwait/.espressif/tools/xtensa-esp-elf/esp-15.1.0_20250607/xtensa-esp-elf/bin/../lib/gcc/xtensa-esp-elf/15.1.0/../../../../xtensa-esp-elf/lib] ==> dir [/home/umesh_adwait/.espressif/tools/xtensa-esp-elf/esp-15.1.0_20250607/xtensa-esp-elf/bin/../lib/gcc/xtensa-esp-elf/15.1.0/../../../../xtensa-esp-elf/lib]
    arg [-L/home/umesh_adwait/.espressif/tools/xtensa-esp-elf/esp-15.1.0_20250607/xtensa-esp-elf/bin/../xtensa-esp-elf/lib] ==> dir [/home/umesh_adwait/.espressif/tools/xtensa-esp-elf/esp-15.1.0_20250607/xtensa-esp-elf/bin/../xtensa-esp-elf/lib]
    arg [-L/home/umesh_adwait/.espressif/tools/xtensa-esp-elf/esp-15.1.0_20250607/xtensa-esp-elf/bin/../xtensa-esp-elf/usr/lib] ==> dir [/home/umesh_adwait/.espressif/tools/xtensa-esp-elf/esp-15.1.0_20250607/xtensa-esp-elf/bin/../xtensa-esp-elf/usr/lib]
    arg [CMakeFiles/cmTC_bb61d.dir/CMakeCCompilerABI.c.obj] ==> ignore
    arg [-lgcc] ==> lib [gcc]
    arg [-lc] ==> lib [c]
    arg [-lnosys] ==> lib [nosys]
    arg [-lc] ==> lib [c]
    arg [-lgcc] ==> lib [gcc]
  collapse library dir [/home/umesh_adwait/.espressif/tools/xtensa-esp-elf/esp-15.1.0_20250607/xtensa-esp-elf/bin/../lib/gcc/xtensa-esp-elf/15.1.0/esp32] ==> [/home/umesh_adwait/.espressif/tools/xtensa-esp-elf/esp-15.1.0_20250607/xtensa-esp-elf/lib/gcc/xtensa-esp-elf/15.1.0/esp32]
  collapse library dir [/home/umesh_adwait/.espressif/tools/xtensa-esp-elf/esp-15.1.0_20250607/xtensa-esp-elf/bin/../lib/gcc/xtensa-esp-elf/15.1.0/../../../../xtensa-esp-elf/lib/esp32] ==> [/home/umesh_adwait/.espressif/tools/xtensa-esp-elf/esp-15.1.0_20250607/xtensa-esp-elf/xtensa-esp-elf/lib/esp32]
  collapse library dir [/home/umesh_adwait/.espressif/tools/xtensa-esp-elf/esp-15.1.0_20250607/xtensa-esp-elf/bin/../xtensa-esp-elf/lib/esp32] ==> [/home/umesh_adwait/.espressif/tools/xtensa-esp-elf/esp-15.1.0_20250607/xtensa-esp-elf/xtensa-esp-elf/lib/esp32]
  collapse library dir [/home/umesh_adwait/.espressif/tools/xtensa-esp-elf/esp-15.1.0_20250607/xtensa-esp-elf/bin/../lib/gcc/xtensa-esp-elf/15.1.0] ==> [/home/umesh_adwait/.espressif/tools/xtensa-esp-elf/esp-15.1.0_20250607/xtensa-esp-elf/lib/gcc/xtensa-esp-elf/15.1.0]
  collapse library dir [/home/umesh_adwait/.espressif/tools/xtensa-esp-elf/esp-15.1.0_20250607/xtensa-esp-elf/bin/../lib/gcc] ==> [/home/umesh_adwait/.espressif/tools/xtensa-esp-elf/esp-15.1.0_20250607/xtensa-esp-elf/lib/gcc]
  collapse library dir [/home/umesh_adwait/.espressif/tools/xtensa-esp-elf/esp-15.1.0_20250607/xtensa-esp-elf/bin/../lib/gcc/xtensa-esp-elf/15.1.0/../../../../xtensa-esp-elf/lib] ==> [/home/umesh_adwait/.espressif/tools/xtensa-esp-elf/esp-15.1.0_20250607/xtensa-esp-elf/xtensa-esp-elf/lib]
  collapse library dir [/home/umesh_adwait/.espressif/tools/xtensa-esp-elf/esp-15.1.0_20250607/xtensa-esp-elf/bin/../xtensa-esp-elf/lib] ==> [/home/umesh_adwait/.espressif/tools/xtensa-esp-elf/esp-15.1.0_20250607/xtensa-esp-elf/xtensa-esp-elf/lib]
  collapse library dir [/home/umesh_adwait/.espressif/tools/xtensa-esp-elf/esp-15.1.0_20250607/xtensa-esp-elf/bin/../xtensa-esp-elf/usr/lib] ==> [/home/umesh_adwait/.espressif/tools/xtensa-esp-elf/esp-15.1.0_20250607/xtensa-esp-elf/xtensa-esp-elf/usr/lib]
  implicit libs: [gcc;c;nosys;c;gcc]
  implicit dirs: [/home/umesh_adwait/.espressif/tools/xtensa-esp-elf/esp-15.1.0_20250607/xtensa-esp-elf/lib/gcc/xtensa-esp-elf/15.1.0/esp32;/home/umesh_adwait/.espressif/tools/xtensa-esp-elf/esp-15.1.0_20250607/xtensa-esp-elf/xtensa-esp-elf/lib/esp32;/home/umesh_adwait/.espressif/tools/xtensa-esp-elf/esp-15.1.0_20250607/xtensa-esp-elf/lib/gcc/xtensa-esp-elf/15.1.0;/home/umesh_adwait/.espressif/tools/xtensa-esp-elf/esp-15.1.0_20250607/xtensa-esp-elf/lib/gcc;/home/umesh_adwait/.espressif/tools/xtensa-esp-elf/esp-15.1.0_20250607/xtensa-esp-elf/xtensa-esp-elf/lib;/home/umesh_adwait/.espressif/tools/xtensa-esp-elf/esp-15.1.0_20250607/xtensa-esp-elf/xtensa-esp-elf/usr/lib]
  implicit fwks: []


Determining if the CXX compiler works passed with the following output:
Change Dir: /home/umesh_adwait/esp-idf/examples/get-started/test_phase2/build/CMakeFiles/CMakeTmp

Run Build Command(s):/usr/bin/make cmTC_c03d8/fast && /usr/bin/make -f CMakeFiles/cmTC_c03d8.dir/build.make CMakeFiles/cmTC_c03d8.dir/build
make[1]: Entering directory '/home/umesh_adwait/esp-idf/examples/get-started/test_phase2/build/CMakeFiles/CMakeTmp'
Building CXX object CMakeFiles/cmTC_c03d8.dir/testCXXCompiler.cxx.obj
/home/umesh_adwait/.espressif/tools/xtensa-esp-elf/esp-15.1.0_20250607/xtensa-esp-elf/bin/xtensa-esp32-elf-g++    -mlongcalls -Wno-frame-address -fno-builtin-memcpy -fno-builtin-memset -fno-builtin-bzero     -o CMakeFiles/cmTC_c03d8.dir/testCXXCompiler.cxx.obj -c /home/umesh_adwait/esp-idf/examples/get-started/test_phase2/build/CMakeFiles/CMakeTmp/testCXXCompiler.cxx
Linking CXX executable cmTC_c03d8
/usr/bin/cmake -E cmake_link_script CMakeFiles/cmTC_c03d8.dir/link.txt --verbose=1
/home/umesh_adwait/.espressif/tools/xtensa-esp-elf/esp-15.1.0_20250607/xtensa-esp-elf/bin/xtensa-esp32-elf-g++  -mlongcalls -Wno-frame-address -fno-builtin-memcpy -fno-builtin-memset -fno-builtin-bzero    -nostartfiles   CMakeFiles/cmTC_c03d8.dir/testCXXCompiler.cxx.obj  -o cmTC_c03d8 
/home/umesh_adwait/.espressif/tools/xtensa-esp-elf/esp-15.1.0_20250607/xtensa-esp-elf/bin/../lib/gcc/xtensa-esp-elf/15.1.0/../../../../xtensa-esp-elf/bin/ld: warning: cannot find entry symbol _start; defaulting to 00400054
make[1]: Leaving directory '/home/umesh_adwait/esp-idf/examples/get-started/test_phase2/build/CMakeFiles/CMakeTmp'



Detecting CXX compiler ABI info compiled with the following output:
Change Dir: /home/umesh_adwait/esp-idf/examples/get-started/test_phase2/build/CMakeFiles/CMakeTmp

Run Build Command(s):/usr/bin/make cmTC_2c6a8/fast && /usr/bin/make -f CMakeFiles/cmTC_2c6a8.dir/build.make CMakeFiles/cmTC_2c6a8.dir/build
make[1]: Entering directory '/home/umesh_adwait/esp-idf/examples/get-started/test_phase2/build/CMakeFiles/CMakeTmp'
Building CXX object CMakeFiles/cmTC_2c6a8.dir/CMakeCXXCompilerABI.cpp.obj
/home/umesh_adwait/.espressif/tools/xtensa-esp-elf/esp-15.1.0_20250607/xtensa-esp-elf/bin/xtensa-esp32-elf-g++    -mlongcalls -Wno-frame-address -fno-builtin-memcpy -fno-builtin-memset -fno-builtin-bzero     -v -o CMakeFiles/cmTC_2c6a8.dir/CMakeCXXCompilerABI.cpp.obj -c /usr/share/cmake-3.16/Modules/CMakeCXXCompilerABI.cpp
Using built-in specs.
COLLECT_GCC=/home/umesh_adwait/.espressif/tools/xtensa-esp-elf/esp-15.1.0_20250607/xtensa-esp-elf/bin/xtensa-esp-elf-g++
Target: xtensa-esp-elf
Configured with: /builds/idf/crosstool-NG/.build/xtensa-esp-elf/src/gcc/configure --build=x86_64-build_pc-linux-gnu --host=x86_64-build_pc-linux-gnu --target=xtensa-esp-elf --prefix=/builds/idf/crosstool-NG/builds/xtensa-esp-elf --exec_prefix=/builds/idf/crosstool-NG/builds/xtensa-esp-elf --with-local-prefix=/builds/idf/crosstool-NG/builds/xtensa-esp-elf/xtensa-esp-elf --with-sysroot=/builds/idf/crosstool-NG/builds/xtensa-esp-elf/xtensa-esp-elf --with-native-system-header-dir=/include --with-headers=/builds/idf/crosstool-NG/builds/xtensa-esp-elf/xtensa-esp-elf/include --with-newlib --enable-threads=no --disable-shared --with-pkgversion='crosstool-NG esp-15.1.0_20250607' --disable-__cxa_atexit --enable-cxx-flags='-ffunction-sections -fdata-sections' --disable-libgomp --disable-libmudflap --disable-libmpx --disable-libssp --disable-libquadmath --disable-libquadmath-support --disable-libstdcxx-verbose --with-gmp=/builds/idf/crosstool-NG/.build/xtensa-esp-elf/buildtools --with-mpfr=/builds/idf/crosstool-NG/.build/xtensa-esp-elf/buildtools --with-mpc=/builds/idf/crosstool-NG/.build/xtensa-esp-elf/buildtools --with-isl=/builds/idf/crosstool-NG/.build/xtensa-esp-elf/buildtools --enable-lto --enable-target-optspace --without-long-double-128 --enable-plugin --disable-nls --enable-multiarch --enable-languages=c,c++ --disable-libstdcxx-verbose --enable-threads=posix --enable-libstdcxx-time=yes --disable-win32-utf8-manifest
Thread model: posix
Supported LTO compression algorithms: zlib zstd
gcc version 15.1.0 (crosstool-NG esp-15.1.0_20250607) 
COLLECT_GCC_OPTIONS='-mdynconfig=xtensa_esp32.so' '-mlongcalls' '-Wno-frame-address' '-fno-builtin-memcpy' '-fno-builtin-memset' '-fno-builtin-bzero' '-v' '-o' 'CMakeFiles/cmTC_2c6a8.dir/CMakeCXXCompilerABI.cpp.obj' '-c' '-dumpdir' 'CMakeFiles/cmTC_2c6a8.dir/'
 /home/umesh_adwait/.espressif/tools/xtensa-esp-elf/esp-15.1.0_20250607/xtensa-esp-elf/bin/../libexec/gcc/xtensa-esp-elf/15.1.0/cc1plus -quiet -v -imultilib esp32 -iprefix /home/umesh_adwait/.espressif/tools/xtensa-esp-elf/esp-15.1.0_20250607/xtensa-esp-elf/bin/../lib/gcc/xtensa-esp-elf/15.1.0/ -isysroot /home/umesh_adwait/.espressif/tools/xtensa-esp-elf/esp-15.1.0_20250607/xtensa-esp-elf/bin/../xtensa-esp-elf /usr/share/cmake-3.16/Modules/CMakeCXXCompilerABI.cpp -quiet -dumpdir CMakeFiles/cmTC_2c6a8.dir/ -dumpbase CMakeCXXCompilerABI.cpp.cpp -dumpbase-ext .cpp -mdynconfig=xtensa_esp32.so -mlongcalls -Wno-frame-address -version -fno-builtin-memcpy -fno-builtin-memset -fno-builtin-bzero -o /tmp/ccTw1Cfq.s
GNU C++17 (crosstool-NG esp-15.1.0_20250607) version 15.1.0 (xtensa-esp-elf)
	compiled by GNU C version 6.3.0, GMP version 6.3.0, MPFR version 4.2.1, MPC version 1.3.1, isl version isl-0.26-GMP

GGC heuristics: --param ggc-min-expand=100 --param ggc-min-heapsize=131072
ignoring duplicate directory "/home/umesh_adwait/.espressif/tools/xtensa-esp-elf/esp-15.1.0_20250607/xtensa-esp-elf/bin/../lib/gcc/../../lib/gcc/xtensa-esp-elf/15.1.0/../../../../xtensa-esp-elf/include/c++/15.1.0"
ignoring duplicate directory "/home/umesh_adwait/.espressif/tools/xtensa-esp-elf/esp-15.1.0_20250607/xtensa-esp-elf/bin/../lib/gcc/../../lib/gcc/xtensa-esp-elf/15.1.0/../../../../xtensa-esp-elf/include/c++/15.1.0/xtensa-esp-elf/esp32"
ignoring duplicate directory "/home/umesh_adwait/.espressif/tools/xtensa-esp-elf/esp-15.1.0_20250607/xtensa-esp-elf/bin/../lib/gcc/../../lib/gcc/xtensa-esp-elf/15.1.0/../../../../xtensa-esp-elf/include/c++/15.1.0/backward"
ignoring duplicate directory "/home/umesh_adwait/.espressif/tools/xtensa-esp-elf/esp-15.1.0_20250607/xtensa-esp-elf/bin/../lib/gcc/../../lib/gcc/xtensa-esp-elf/15.1.0/include"
ignoring nonexistent directory "/home/umesh_adwait/.espressif/tools/xtensa-esp-elf/esp-15.1.0_20250607/xtensa-esp-elf/bin/../xtensa-esp-elf/builds/idf/crosstool-NG/builds/xtensa-esp-elf/xtensa-esp-elf/include"
ignoring duplicate directory "/home/umesh_adwait/.espressif/tools/xtensa-esp-elf/esp-15.1.0_20250607/xtensa-esp-elf/bin/../lib/gcc/../../lib/gcc/xtensa-esp-elf/15.1.0/include-fixed"
ignoring duplicate directory "/home/umesh_adwait/.espressif/tools/xtensa-esp-elf/esp-15.1.0_20250607/xtensa-esp-elf/bin/../lib/gcc/../../lib/gcc/xtensa-esp-elf/15.1.0/../../../../xtensa-esp-elf/include"
ignoring duplicate directory "/home/umesh_adwait/.espressif/tools/xtensa-esp-elf/esp-15.1.0_20250607/xtensa-esp-elf/bin/../xtensa-esp-elf/include"
#include "..." search starts here:
#include <...> search starts here:
 /home/umesh_adwait/.espressif/tools/xtensa-esp-elf/esp-15.1.0_20250607/xtensa-esp-elf/bin/../lib/gcc/xtensa-esp-elf/15.1.0/../../../../xtensa-esp-elf/include/c++/15.1.0
 /home/umesh_adwait/.espressif/tools/xtensa-esp-elf/esp-15.1.0_20250607/xtensa-esp-elf/bin/../lib/gcc/xtensa-esp-elf/15.1.0/../../../../xtensa-esp-elf/include/c++/15.1.0/xtensa-esp-elf/esp32
 /home/umesh_adwait/.espressif/tools/xtensa-esp-elf/esp-15.1.0_20250607/xtensa-esp-elf/bin/../lib/gcc/xtensa-esp-elf/15.1.0/../../../../xtensa-esp-elf/include/c++/15.1.0/backward
 /home/umesh_adwait/.espressif/tools/xtensa-esp-elf/esp-15.1.0_20250607/xtensa-esp-elf/bin/../lib/gcc/xtensa-esp-elf/15.1.0/include
 /home/umesh_adwait/.espressif/tools/xtensa-esp-elf/esp-15.1.0_20250607/xtensa-esp-elf/bin/../lib/gcc/xtensa-esp-elf/15.1.0/include-fixed
 /home/umesh_adwait/.espressif/tools/xtensa-esp-elf/esp-15.1.0_20250607/xtensa-esp-elf/bin/../lib/gcc/xtensa-esp-elf/15.1.0/../../../../xtensa-esp-elf/include
End of search list.
Compiler executable checksum: b46bbfed52bc55587dc25f5acedaf452
COLLECT_GCC_OPTIONS='-mdynconfig=xtensa_esp32.so' '-mlongcalls' '-Wno-frame-address' '-fno-builtin-memcpy' '-fno-builtin-memset' '-fno-builtin-bzero' '-v' '-o' 'CMakeFiles/cmTC_2c6a8.dir/CMakeCXXCompilerABI.cpp.obj' '-c' '-dumpdir' 'CMakeFiles/cmTC_2c6a8.dir/'
 /home/umesh_adwait/.espressif/tools/xtensa-esp-elf/esp-15.1.0_20250607/xtensa-esp-elf/bin/../lib/gcc/xtensa-esp-elf/15.1.0/../../../../xtensa-esp-elf/bin/as --traditional-format --longcalls --dynconfig=xtensa_esp32.so -o CMakeFiles/cmTC_2c6a8.dir/CMakeCXXCompilerABI.cpp.obj /tmp/ccTw1Cfq.s
COMPILER_PATH=/home/umesh_adwait/.espressif/tools/xtensa-esp-elf/esp-15.1.0_20250607/xtensa-esp-elf/bin/../libexec/gcc/xtensa-esp-elf/15.1.0/:/home/umesh_adwait/.espressif/tools/xtensa-esp-elf/esp-15.1.0_20250607/xtensa-esp-elf/bin/../libexec/gcc/:/home/umesh_adwait/.espressif/tools/xtensa-esp-elf/esp-15.1.0_20250607/xtensa-esp-elf/bin/../lib/gcc/xtensa-esp-elf/15.1.0/../../../../xtensa-esp-elf/bin/
LIBRARY_PATH=/home/umesh_adwait/.espressif/tools/xtensa-esp-elf/esp-15.1.0_20250607/xtensa-esp-elf/bin/../lib/gcc/xtensa-esp-elf/15.1.0/esp32/:/home/umesh_adwait/.espressif/tools/xtensa-esp-elf/esp-15.1.0_20250607/xtensa-esp-elf/bin/../lib/gcc/xtensa-esp-elf/15.1.0/../../../../xtensa-esp-elf/lib/esp32/:/home/umesh_adwait/.espressif/tools/xtensa-esp-elf/esp-15.1.0_20250607/xtensa-esp-elf/bin/../xtensa-esp-elf/lib/esp32/:/home/umesh_adwait/.espressif/tools/xtensa-esp-elf/esp-15.1.0_20250607/xtensa-esp-elf/bin/../lib/gcc/xtensa-esp-elf/15.1.0/:/home/umesh_adwait/.espressif/tools/xtensa-esp-elf/esp-15.1.0_20250607/xtensa-esp-elf/bin/../lib/gcc/:/home/umesh_adwait/.espressif/tools/xtensa-esp-elf/esp-15.1.0_20250607/xtensa-esp-elf/bin/../lib/gcc/xtensa-esp-elf/15.1.0/../../../../xtensa-esp-elf/lib/:/home/umesh_adwait/.espressif/tools/xtensa-esp-elf/esp-15.1.0_20250607/xtensa-esp-elf/bin/../xtensa-esp-elf/lib/:/home/umesh_adwait/.espressif/tools/xtensa-esp-elf/esp-15.1.0_20250607/xtensa-esp-elf/bin/../xtensa-esp-elf/usr/lib/
COLLECT_GCC_OPTIONS='-mdynconfig=xtensa_esp32.so' '-mlongcalls' '-Wno-frame-address' '-fno-builtin-memcpy' '-fno-builtin-memset' '-fno-builtin-bzero' '-v' '-o' 'CMakeFiles/cmTC_2c6a8.dir/CMakeCXXCompilerABI.cpp.obj' '-c' '-dumpdir' 'CMakeFiles/cmTC_2c6a8.dir/CMakeCXXCompilerABI.cpp.'
Linking CXX executable cmTC_2c6a8
/usr/bin/cmake -E cmake_link_script CMakeFiles/cmTC_2c6a8.dir/link.txt --verbose=1
/home/umesh_adwait/.espressif/tools/xtensa-esp-elf/esp-15.1.0_20250607/xtensa-esp-elf/bin/xtensa-esp32-elf-g++  -mlongcalls -Wno-frame-address -fno-builtin-memcpy -fno-builtin-memset -fno-builtin-bzero    -nostartfiles  -v CMakeFiles/cmTC_2c6a8.dir/CMakeCXXCompilerABI.cpp.obj  -o cmTC_2c6a8 
Using built-in specs.
COLLECT_GCC=/home/umesh_adwait/.espressif/tools/xtensa-esp-elf/esp-15.1.0_20250607/xtensa-esp-elf/bin/xtensa-esp-elf-g++
COLLECT_LTO_WRAPPER=/home/umesh_adwait/.espressif/tools/xtensa-esp-elf/esp-15.1.0_20250607/xtensa-esp-elf/bin/../libexec/gcc/xtensa-esp-elf/15.1.0/lto-wrapper
Target: xtensa-esp-elf
Configured with: /builds/idf/crosstool-NG/.build/xtensa-esp-elf/src/gcc/configure --build=x86_64-build_pc-linux-gnu --host=x86_64-build_pc-linux-gnu --target=xtensa-esp-elf --prefix=/builds/idf/crosstool-NG/builds/xtensa-esp-elf --exec_prefix=/builds/idf/crosstool-NG/builds/xtensa-esp-elf --with-local-prefix=/builds/idf/crosstool-NG/builds/xtensa-esp-elf/xtensa-esp-elf --with-sysroot=/builds/idf/crosstool-NG/builds/xtensa-esp-elf/xtensa-esp-elf --with-native-system-header-dir=/include --with-headers=/builds/idf/crosstool-NG/builds/xtensa-esp-elf/xtensa-esp-elf/include --with-newlib --enable-threads=no --disable-shared --with-pkgversion='crosstool-NG esp-15.1.0_20250607' --disable-__cxa_atexit --enable-cxx-flags='-ffunction-sections -fdata-sections' --disable-libgomp --disable-libmudflap --disable-libmpx --disable-libssp --disable-libquadmath --disable-libquadmath-support --disable-libstdcxx-verbose --with-gmp=/builds/idf/crosstool-NG/.build/xtensa-esp-elf/buildtools --with-mpfr=/builds/idf/crosstool-NG/.build/xtensa-esp-elf/buildtools --with-mpc=/builds/idf/crosstool-NG/.build/xtensa-esp-elf/buildtools --with-isl=/builds/idf/crosstool-NG/.build/xtensa-esp-elf/buildtools --enable-lto --enable-target-optspace --without-long-double-128 --enable-plugin --disable-nls --enable-multiarch --enable-languages=c,c++ --disable-libstdcxx-verbose --enable-threads=posix --enable-libstdcxx-time=yes --disable-win32-utf8-manifest
Thread model: posix
Supported LTO compression algorithms: zlib zstd
gcc version 15.1.0 (crosstool-NG esp-15.1.0_20250607) 
COMPILER_PATH=/home/umesh_adwait/.espressif/tools/xtensa-esp-elf/esp-15.1.0_20250607/xtensa-esp-elf/bin/../libexec/gcc/xtensa-esp-elf/15.1.0/:/home/umesh_adwait/.espressif/tools/xtensa-esp-elf/esp-15.1.0_20250607/xtensa-esp-elf/bin/../libexec/gcc/:/home/umesh_adwait/.espressif/tools/xtensa-esp-elf/esp-15.1.0_20250607/xtensa-esp-elf/bin/../lib/gcc/xtensa-esp-elf/15.1.0/../../../../xtensa-esp-elf/bin/
LIBRARY_PATH=/home/umesh_adwait/.espressif/tools/xtensa-esp-elf/esp-15.1.0_20250607/xtensa-esp-elf/bin/../lib/gcc/xtensa-esp-elf/15.1.0/esp32/:/home/umesh_adwait/.espressif/tools/xtensa-esp-elf/esp-15.1.0_20250607/xtensa-esp-elf/bin/../lib/gcc/xtensa-esp-elf/15.1.0/../../../../xtensa-esp-elf/lib/esp32/:/home/umesh_adwait/.espressif/tools/xtensa-esp-elf/esp-15.1.0_20250607/xtensa-esp-elf/bin/../xtensa-esp-elf/lib/esp32/:/home/umesh_adwait/.espressif/tools/xtensa-esp-elf/esp-15.1.0_20250607/xtensa-esp-elf/bin/../lib/gcc/xtensa-esp-elf/15.1.0/:/home/umesh_adwait/.espressif/tools/xtensa-esp-elf/esp-15.1.0_20250607/xtensa-esp-elf/bin/../lib/gcc/:/home/umesh_adwait/.espressif/tools/xtensa-esp-elf/esp-15.1.0_20250607/xtensa-esp-elf/bin/../lib/gcc/xtensa-esp-elf/15.1.0/../../../../xtensa-esp-elf/lib/:/home/umesh_adwait/.espressif/tools/xtensa-esp-elf/esp-15.1.0_20250607/xtensa-esp-elf/bin/../xtensa-esp-elf/lib/:/home/umesh_adwait/.espressif/tools/xtensa-esp-elf/esp-15.1.0_20250607/xtensa-esp-elf/bin/../xtensa-esp-elf/usr/lib/
COLLECT_GCC_OPTIONS='-mdynconfig=xtensa_esp32.so' '-mlongcalls' '-Wno-frame-address' '-fno-builtin-memcpy' '-fno-builtin-memset' '-fno-builtin-bzero' '-nostartfiles' '-v' '-o' 'cmTC_2c6a8' '-dumpdir' 'cmTC_2c6a8.'
 /home/umesh_adwait/.espressif/tools/xtensa-esp-elf/esp-15.1.0_20250607/xtensa-esp-elf/bin/../libexec/gcc/xtensa-esp-elf/15.1.0/collect2 -plugin /home/umesh_adwait/.espressif/tools/xtensa-esp-elf/esp-15.1.0_20250607/xtensa-esp-elf/bin/../libexec/gcc/xtensa-esp-elf/15.1.0/liblto_plugin.so -plugin-opt=/home/umesh_adwait/.espressif/tools/xtensa-esp-elf/esp-15.1.0_20250607/xtensa-esp-elf/bin/../libexec/gcc/xtensa-esp-elf/15.1.0/lto-wrapper -plugin-opt=-fresolution=/tmp/ccwwFEiR.res -plugin-opt=-pass-through=-lgcc -plugin-opt=-pass-through=-lc -plugin-opt=-pass-through=-lnosys -plugin-opt=-pass-through=-lc -plugin-opt=-pass-through=-lgcc --sysroot=/home/umesh_adwait/.espressif/tools/xtensa-esp-elf/esp-15.1.0_20250607/xtensa-esp-elf/bin/../xtensa-esp-elf --dynconfig=xtensa_esp32.so -o cmTC_2c6a8 -L/home/umesh_adwait/.espressif/tools/xtensa-esp-elf/esp-15.1.0_20250607/xtensa-esp-elf/bin/../lib/gcc/xtensa-esp-elf/15.1.0/esp32 -L/home/umesh_adwait/.espressif/tools/xtensa-esp-elf/esp-15.1.0_20250607/xtensa-esp-elf/bin/../lib/gcc/xtensa-esp-elf/15.1.0/../../../../xtensa-esp-elf/lib/esp32 -L/home/umesh_adwait/.espressif/tools/xtensa-esp-elf/esp-15.1.0_20250607/xtensa-esp-elf/bin/../xtensa-esp-elf/lib/esp32 -L/home/umesh_adwait/.espressif/tools/xtensa-esp-elf/esp-15.1.0_20250607/xtensa-esp-elf/bin/../lib/gcc/xtensa-esp-elf/15.1.0 -L/home/umesh_adwait/.espressif/tools/xtensa-esp-elf/esp-15.1.0_20250607/xtensa-esp-elf/bin/../lib/gcc -L/home/umesh_adwait/.espressif/tools/xtensa-esp-elf/esp-15.1.0_20250607/xtensa-esp-elf/bin/../lib/gcc/xtensa-esp-elf/15.1.0/../../../../xtensa-esp-elf/lib -L/home/umesh_adwait/.espressif/tools/xtensa-esp-elf/esp-15.1.0_20250607/xtensa-esp-elf/bin/../xtensa-esp-elf/lib -L/home/umesh_adwait/.espressif/tools/xtensa-esp-elf/esp-15.1.0_20250607/xtensa-esp-elf/bin/../xtensa-esp-elf/usr/lib CMakeFiles/cmTC_2c6a8.dir/CMakeCXXCompilerABI.cpp.obj -lstdc++ -lm -lgcc -lc -lnosys -lc -lgcc
/home/umesh_adwait/.espressif/tools/xtensa-esp-elf/esp-15.1.0_20250607/xtensa-esp-elf/bin/../lib/gcc/xtensa-esp-elf/15.1.0/../../../../xtensa-esp-elf/bin/ld: warning: cannot find entry symbol _start; defaulting to 00400054
COLLECT_GCC_OPTIONS='-mdynconfig=xtensa_esp32.so' '-mlongcalls' '-Wno-frame-address' '-fno-builtin-memcpy' '-fno-builtin-memset' '-fno-builtin-bzero' '-nostartfiles' '-v' '-o' 'cmTC_2c6a8' '-dumpdir' 'cmTC_2c6a8.'
make[1]: Leaving directory '/home/umesh_adwait/esp-idf/examples/get-started/test_phase2/build/CMakeFiles/CMakeTmp'



Parsed CXX implicit include dir info from above output: rv=done
  found start of include info
  found start of implicit include info
    add: [/home/umesh_adwait/.espressif/tools/xtensa-esp-elf/esp-15.1.0_20250607/xtensa-esp-elf/bin/../lib/gcc/xtensa-esp-elf/15.1.0/../../../../xtensa-esp-elf/include/c++/15.1.0]
    add: [/home/umesh_adwait/.espressif/tools/xtensa-esp-elf/esp-15.1.0_20250607/xtensa-esp-elf/bin/../lib/gcc/xtensa-esp-elf/15.1.0/../../../../xtensa-esp-elf/include/c++/15.1.0/xtensa-esp-elf/esp32]
    add: [/home/umesh_adwait/.espressif/tools/xtensa-esp-elf/esp-15.1.0_20250607/xtensa-esp-elf/bin/../lib/gcc/xtensa-esp-elf/15.1.0/../../../../xtensa-esp-elf/include/c++/15.1.0/backward]
    add: [/home/umesh_adwait/.espressif/tools/xtensa-esp-elf/esp-15.1.0_20250607/xtensa-esp-elf/bin/../lib/gcc/xtensa-esp-elf/15.1.0/include]
    add: [/home/umesh_adwait/.espressif/tools/xtensa-esp-elf/esp-15.1.0_20250607/xtensa-esp-elf/bin/../lib/gcc/xtensa-esp-elf/15.1.0/include-fixed]
    add: [/home/umesh_adwait/.espressif/tools/xtensa-esp-elf/esp-15.1.0_20250607/xtensa-esp-elf/bin/../lib/gcc/xtensa-esp-elf/15.1.0/../../../../xtensa-esp-elf/include]
  end of search list found
  collapse include dir [/home/umesh_adwait/.espressif/tools/xtensa-esp-elf/esp-15.1.0_20250607/xtensa-esp-elf/bin/../lib/gcc/xtensa-esp-elf/15.1.0/../../../../xtensa-esp-elf/include/c++/15.1.0] ==> [/home/umesh_adwait/.espressif/tools/xtensa-esp-elf/esp-15.1.0_20250607/xtensa-esp-elf/xtensa-esp-elf/include/c++/15.1.0]
  collapse include dir [/home/umesh_adwait/.espressif/tools/xtensa-esp-elf/esp-15.1.0_20250607/xtensa-esp-elf/bin/../lib/gcc/xtensa-esp-elf/15.1.0/../../../../xtensa-esp-elf/include/c++/15.1.0/xtensa-esp-elf/esp32] ==> [/home/umesh_adwait/.espressif/tools/xtensa-esp-elf/esp-15.1.0_20250607/xtensa-esp-elf/xtensa-esp-elf/include/c++/15.1.0/xtensa-esp-elf/esp32]
  collapse include dir [/home/umesh_adwait/.espressif/tools/xtensa-esp-elf/esp-15.1.0_20250607/xtensa-esp-elf/bin/../lib/gcc/xtensa-esp-elf/15.1.0/../../../../xtensa-esp-elf/include/c++/15.1.0/backward] ==> [/home/umesh_adwait/.espressif/tools/xtensa-esp-elf/esp-15.1.0_20250607/xtensa-esp-elf/xtensa-esp-elf/include/c++/15.1.0/backward]
  collapse include dir [/home/umesh_adwait/.espressif/tools/xtensa-esp-elf/esp-15.1.0_20250607/xtensa-esp-elf/bin/../lib/gcc/xtensa-esp-elf/15.1.0/include] ==> [/home/umesh_adwait/.espressif/tools/xtensa-esp-elf/esp-15.1.0_20250607/xtensa-esp-elf/lib/gcc/xtensa-esp-elf/15.1.0/include]
  collapse include dir [/home/umesh_adwait/.espressif/tools/xtensa-esp-elf/esp-15.1.0_20250607/xtensa-esp-elf/bin/../lib/gcc/xtensa-esp-elf/15.1.0/include-fixed] ==> [/home/umesh_adwait/.espressif/tools/xtensa-esp-elf/esp-15.1.0_20250607/xtensa-esp-elf/lib/gcc/xtensa-esp-elf/15.1.0/include-fixed]
  collapse include dir [/home/umesh_adwait/.espressif/tools/xtensa-esp-elf/esp-15.1.0_20250607/xtensa-esp-elf/bin/../lib/gcc/xtensa-esp-elf/15.1.0/../../../../xtensa-esp-elf/include] ==> [/home/umesh_adwait/.espressif/tools/xtensa-esp-elf/esp-15.1.0_20250607/xtensa-esp-elf/xtensa-esp-elf/include]
  implicit include dirs: [/home/umesh_adwait/.espressif/tools/xtensa-esp-elf/esp-15.1.0_20250607/xtensa-esp-elf/xtensa-esp-elf/include/c++/15.1.0;/home/umesh_adwait/.espressif/tools/xtensa-esp-elf/esp-15.1.0_20250607/xtensa-esp-elf/xtensa-esp-elf/include/c++/15.1.0/xtensa-esp-elf/esp32;/home/umesh_adwait/.espressif/tools/xtensa-esp-elf/esp-15.1.0_20250607/xtensa-esp-elf/xtensa-esp-elf/include/c++/15.1.0/backward;/home/umesh_adwait/.espressif/tools/xtensa-esp-elf/esp-15.1.0_20250607/xtensa-esp-elf/lib/gcc/xtensa-esp-elf/15.1.0/include;/home/umesh_adwait/.espressif/tools/xtensa-esp-elf/esp-15.1.0_20250607/xtensa-esp-elf/lib/gcc/xtensa-esp-elf/15.1.0/include-fixed;/home/umesh_adwait/.espressif/tools/xtensa-esp-elf/esp-15.1.0_20250607/xtensa-esp-elf/xtensa-esp-elf/include]


Parsed CXX implicit link information from above output:
  link line regex: [^( *|.*[/\])(xtensa-esp32-elf-ld|CMAKE_LINK_STARTFILE-NOTFOUND|([^/\]+-)?ld|collect2)[^/\]*( |$)]
  ignore line: [Change Dir: /home/umesh_adwait/esp-idf/examples/get-started/test_phase2/build/CMakeFiles/CMakeTmp]
  ignore line: []
  ignore line: [Run Build Command(s):/usr/bin/make cmTC_2c6a8/fast && /usr/bin/make -f CMakeFiles/cmTC_2c6a8.dir/build.make CMakeFiles/cmTC_2c6a8.dir/build]
  ignore line: [make[1]: Entering directory '/home/umesh_adwait/esp-idf/examples/get-started/test_phase2/build/CMakeFiles/CMakeTmp']
  ignore line: [Building CXX object CMakeFiles/cmTC_2c6a8.dir/CMakeCXXCompilerABI.cpp.obj]
  ignore line: [/home/umesh_adwait/.espressif/tools/xtensa-esp-elf/esp-15.1.0_20250607/xtensa-esp-elf/bin/xtensa-esp32-elf-g++    -mlongcalls -Wno-frame-address -fno-builtin-memcpy -fno-builtin-memset -fno-builtin-bzero     -v -o CMakeFiles/cmTC_2c6a8.dir/CMakeCXXCompilerABI.cpp.obj -c /usr/share/cmake-3.16/Modules/CMakeCXXCompilerABI.cpp]
  ignore line: [Using built-in specs.]
  ignore line: [COLLECT_GCC=/home/umesh_adwait/.espressif/tools/xtensa-esp-elf/esp-15.1.0_20250607/xtensa-esp-elf/bin/xtensa-esp-elf-g++]
  ignore line: [Target: xtensa-esp-elf]
  ignore line: [Configured with: /builds/idf/crosstool-NG/.build/xtensa-esp-elf/src/gcc/configure --build=x86_64-build_pc-linux-gnu --host=x86_64-build_pc-linux-gnu --target=xtensa-esp-elf --prefix=/builds/idf/crosstool-NG/builds/xtensa-esp-elf --exec_prefix=/builds/idf/crosstool-NG/builds/xtensa-esp-elf --with-local-prefix=/builds/idf/crosstool-NG/builds/xtensa-esp-elf/xtensa-esp-elf --with-sysroot=/builds/idf/crosstool-NG/builds/xtensa-esp-elf/xtensa-esp-elf --with-native-system-header-dir=/include --with-headers=/builds/idf/crosstool-NG/builds/xtensa-esp-elf/xtensa-esp-elf/include --with-newlib --enable-threads=no --disable-shared --with-pkgversion='crosstool-NG esp-15.1.0_20250607' --disable-__cxa_atexit --enable-cxx-flags='-ffunction-sections -fdata-sections' --disable-libgomp --disable-libmudflap --disable-libmpx --disable-libssp --disable-libquadmath --disable-libquadmath-support --disable-libstdcxx-verbose --with-gmp=/builds/idf/crosstool-NG/.build/xtensa-esp-elf/buildtools --with-mpfr=/builds/idf/crosstool-NG/.build/xtensa-esp-elf/buildtools --with-mpc=/builds/idf/crosstool-NG/.build/xtensa-esp-elf/buildtools --with-isl=/builds/idf/crosstool-NG/.build/xtensa-esp-elf/buildtools --enable-lto --enable-target-optspace --without-long-double-128 --enable-plugin --disable-nls --enable-multiarch --enable-languages=c c++ --disable-libstdcxx-verbose --enable-threads=posix --enable-libstdcxx-time=yes --disable-win32-utf8-manifest]
  ignore line: [Thread model: posix]
  ignore line: [Supported LTO compression algorithms: zlib zstd]
  ignore line: [gcc version 15.1.0 (crosstool-NG esp-15.1.0_20250607) ]
  ignore line: [COLLECT_GCC_OPTIONS='-mdynconfig=xtensa_esp32.so' '-mlongcalls' '-Wno-frame-address' '-fno-builtin-memcpy' '-fno-builtin-memset' '-fno-builtin-bzero' '-v' '-o' 'CMakeFiles/cmTC_2c6a8.dir/CMakeCXXCompilerABI.cpp.obj' '-c' '-dumpdir' 'CMakeFiles/cmTC_2c6a8.dir/']
  ignore line: [ /home/umesh_adwait/.espressif/tools/xtensa-esp-elf/esp-15.1.0_20250607/xtensa-esp-elf/bin/../libexec/gcc/xtensa-esp-elf/15.1.0/cc1plus -quiet -v -imultilib esp32 -iprefix /home/umesh_adwait/.espressif/tools/xtensa-esp-elf/esp-15.1.0_20250607/xtensa-esp-elf/bin/../lib/gcc/xtensa-esp-elf/15.1.0/ -isysroot /home/umesh_adwait/.espressif/tools/xtensa-esp-elf/esp-15.1.0_20250607/xtensa-esp-elf/bin/../xtensa-esp-elf /usr/share/cmake-3.16/Modules/CMakeCXXCompilerABI.cpp -quiet -dumpdir CMakeFiles/cmTC_2c6a8.dir/ -dumpbase CMakeCXXCompilerABI.cpp.cpp -dumpbase-ext .cpp -mdynconfig=xtensa_esp32.so -mlongcalls -Wno-frame-address -version -fno-builtin-memcpy -fno-builtin-memset -fno-builtin-bzero -o /tmp/ccTw1Cfq.s]
  ignore line: [GNU C++17 (crosstool-NG esp-15.1.0_20250607) version 15.1.0 (xtensa-esp-elf)]
  ignore line: [	compiled by GNU C version 6.3.0  GMP version 6.3.0  MPFR version 4.2.1  MPC version 1.3.1  isl version isl-0.26-GMP]
  ignore line: []
  ignore line: [GGC heuristics: --param ggc-min-expand=100 --param ggc-min-heapsize=131072]
  ignore line: [ignoring duplicate directory "/home/umesh_adwait/.espressif/tools/xtensa-esp-elf/esp-15.1.0_20250607/xtensa-esp-elf/bin/../lib/gcc/../../lib/gcc/xtensa-esp-elf/15.1.0/../../../../xtensa-esp-elf/include/c++/15.1.0"]
  ignore line: [ignoring duplicate directory "/home/umesh_adwait/.espressif/tools/xtensa-esp-elf/esp-15.1.0_20250607/xtensa-esp-elf/bin/../lib/gcc/../../lib/gcc/xtensa-esp-elf/15.1.0/../../../../xtensa-esp-elf/include/c++/15.1.0/xtensa-esp-elf/esp32"]
  ignore line: [ignoring duplicate directory "/home/umesh_adwait/.espressif/tools/xtensa-esp-elf/esp-15.1.0_20250607/xtensa-esp-elf/bin/../lib/gcc/../../lib/gcc/xtensa-esp-elf/15.1.0/../../../../xtensa-esp-elf/include/c++/15.1.0/backward"]
  ignore line: [ignoring duplicate directory "/home/umesh_adwait/.espressif/tools/xtensa-esp-elf/esp-15.1.0_20250607/xtensa-esp-elf/bin/../lib/gcc/../../lib/gcc/xtensa-esp-elf/15.1.0/include"]
  ignore line: [ignoring nonexistent directory "/home/umesh_adwait/.espressif/tools/xtensa-esp-elf/esp-15.1.0_20250607/xtensa-esp-elf/bin/../xtensa-esp-elf/builds/idf/crosstool-NG/builds/xtensa-esp-elf/xtensa-esp-elf/include"]
  ignore line: [ignoring duplicate directory "/home/umesh_adwait/.espressif/tools/xtensa-esp-elf/esp-15.1.0_20250607/xtensa-esp-elf/bin/../lib/gcc/../../lib/gcc/xtensa-esp-elf/15.1.0/include-fixed"]
  ignore line: [ignoring duplicate directory "/home/umesh_adwait/.espressif/tools/xtensa-esp-elf/esp-15.1.0_20250607/xtensa-esp-elf/bin/../lib/gcc/../../lib/gcc/xtensa-esp-elf/15.1.0/../../../../xtensa-esp-elf/include"]
  ignore line: [ignoring duplicate directory "/home/umesh_adwait/.espressif/tools/xtensa-esp-elf/esp-15.1.0_20250607/xtensa-esp-elf/bin/../xtensa-esp-elf/include"]
  ignore line: [#include "..." search starts here:]
  ignore line: [#include <...> search starts here:]
  ignore line: [ /home/umesh_adwait/.espressif/tools/xtensa-esp-elf/esp-15.1.0_20250607/xtensa-esp-elf/bin/../lib/gcc/xtensa-esp-elf/15.1.0/../../../../xtensa-esp-elf/include/c++/15.1.0]
  ignore line: [ /home/umesh_adwait/.espressif/tools/xtensa-esp-elf/esp-15.1.0_20250607/xtensa-esp-elf/bin/../lib/gcc/xtensa-esp-elf/15.1.0/../../../../xtensa-esp-elf/include/c++/15.1.0/xtensa-esp-elf/esp32]
  ignore line: [ /home/umesh_adwait/.espressif/tools/xtensa-esp-elf/esp-15.1.0_20250607/xtensa-esp-elf/bin/../lib/gcc/xtensa-esp-elf/15.1.0/../../../../xtensa-esp-elf/include/c++/15.1.0/backward]
  ignore line: [ /home/umesh_adwait/.espressif/tools/xtensa-esp-elf/esp-15.1.0_20250607/xtensa-esp-elf/bin/../lib/gcc/xtensa-esp-elf/15.1.0/include]
  ignore line: [ /home/umesh_adwait/.espressif/tools/xtensa-esp-elf/esp-15.1.0_20250607/xtensa-esp-elf/bin/../lib/gcc/xtensa-esp-elf/15.1.0/include-fixed]
  ignore line: [ /home/umesh_adwait/.espressif/tools/xtensa-esp-elf/esp-15.1.0_20250607/xtensa-esp-elf/bin/../lib/gcc/xtensa-esp-elf/15.1.0/../../../../xtensa-esp-elf/include]
  ignore line: [End of search list.]
  ignore line: [Compiler executable checksum: b46bbfed52bc55587dc25f5acedaf452]
  ignore line: [COLLECT_GCC_OPTIONS='-mdynconfig=xtensa_esp32.so' '-mlongcalls' '-Wno-frame-address' '-fno-builtin-memcpy' '-fno-builtin-memset' '-fno-builtin-bzero' '-v' '-o' 'CMakeFiles/cmTC_2c6a8.dir/CMakeCXXCompilerABI.cpp.obj' '-c' '-dumpdir' 'CMakeFiles/cmTC_2c6a8.dir/']
  ignore line: [ /home/umesh_adwait/.espressif/tools/xtensa-esp-elf/esp-15.1.0_20250607/xtensa-esp-elf/bin/../lib/gcc/xtensa-esp-elf/15.1.0/../../../../xtensa-esp-elf/bin/as --traditional-format --longcalls --dynconfig=xtensa_esp32.so -o CMakeFiles/cmTC_2c6a8.dir/CMakeCXXCompilerABI.cpp.obj /tmp/ccTw1Cfq.s]
  ignore line: [COMPILER_PATH=/home/umesh_adwait/.espressif/tools/xtensa-esp-elf/esp-15.1.0_20250607/xtensa-esp-elf/bin/../libexec/gcc/xtensa-esp-elf/15.1.0/:/home/umesh_adwait/.espressif/tools/xtensa-esp-elf/esp-15.1.0_20250607/xtensa-esp-elf/bin/../libexec/gcc/:/home/umesh_adwait/.espressif/tools/xtensa-esp-elf/esp-15.1.0_20250607/xtensa-esp-elf/bin/../lib/gcc/xtensa-esp-elf/15.1.0/../../../../xtensa-esp-elf/bin/]
  ignore line: [LIBRARY_PATH=/home/umesh_adwait/.espressif/tools/xtensa-esp-elf/esp-15.1.0_20250607/xtensa-esp-elf/bin/../lib/gcc/xtensa-esp-elf/15.1.0/esp32/:/home/umesh_adwait/.espressif/tools/xtensa-esp-elf/esp-15.1.0_20250607/xtensa-esp-elf/bin/../lib/gcc/xtensa-esp-elf/15.1.0/../../../../xtensa-esp-elf/lib/esp32/:/home/umesh_adwait/.espressif/tools/xtensa-esp-elf/esp-15.1.0_20250607/xtensa-esp-elf/bin/../xtensa-esp-elf/lib/esp32/:/home/umesh_adwait/.espressif/tools/xtensa-esp-elf/esp-15.1.0_20250607/xtensa-esp-elf/bin/../lib/gcc/xtensa-esp-elf/15.1.0/:/home/umesh_adwait/.espressif/tools/xtensa-esp-elf/esp-15.1.0_20250607/xtensa-esp-elf/bin/../lib/gcc/:/home/umesh_adwait/.espressif/tools/xtensa-esp-elf/esp-15.1.0_20250607/xtensa-esp-elf/bin/../lib/gcc/xtensa-esp-elf/15.1.0/../../../../xtensa-esp-elf/lib/:/home/umesh_adwait/.espressif/tools/xtensa-esp-elf/esp-15.1.0_20250607/xtensa-esp-elf/bin/../xtensa-esp-elf/lib/:/home/umesh_adwait/.espressif/tools/xtensa-esp-elf/esp-15.1.0_20250607/xtensa-esp-elf/bin/../xtensa-esp-elf/usr/lib/]
  ignore line: [COLLECT_GCC_OPTIONS='-mdynconfig=xtensa_esp32.so' '-mlongcalls' '-Wno-frame-address' '-fno-builtin-memcpy' '-fno-builtin-memset' '-fno-builtin-bzero' '-v' '-o' 'CMakeFiles/cmTC_2c6a8.dir/CMakeCXXCompilerABI.cpp.obj' '-c' '-dumpdir' 'CMakeFiles/cmTC_2c6a8.dir/CMakeCXXCompilerABI.cpp.']
  ignore line: [Linking CXX executable cmTC_2c6a8]
  ignore line: [/usr/bin/cmake -E cmake_link_script CMakeFiles/cmTC_2c6a8.dir/link.txt --verbose=1]
  ignore line: [/home/umesh_adwait/.espressif/tools/xtensa-esp-elf/esp-15.1.0_20250607/xtensa-esp-elf/bin/xtensa-esp32-elf-g++  -mlongcalls -Wno-frame-address -fno-builtin-memcpy -fno-builtin-memset -fno-builtin-bzero    -nostartfiles  -v CMakeFiles/cmTC_2c6a8.dir/CMakeCXXCompilerABI.cpp.obj  -o cmTC_2c6a8 ]
  ignore line: [Using built-in specs.]
  ignore line: [COLLECT_GCC=/home/umesh_adwait/.espressif/tools/xtensa-esp-elf/esp-15.1.0_20250607/xtensa-esp-elf/bin/xtensa-esp-elf-g++]
  ignore line: [COLLECT_LTO_WRAPPER=/home/umesh_adwait/.espressif/tools/xtensa-esp-elf/esp-15.1.0_20250607/xtensa-esp-elf/bin/../libexec/gcc/xtensa-esp-elf/15.1.0/lto-wrapper]
  ignore line: [Target: xtensa-esp-elf]
  ignore line: [Configured with: /builds/idf/crosstool-NG/.build/xtensa-esp-elf/src/gcc/configure --build=x86_64-build_pc-linux-gnu --host=x86_64-build_pc-linux-gnu --target=xtensa-esp-elf --prefix=/builds/idf/crosstool-NG/builds/xtensa-esp-elf --exec_prefix=/builds/idf/crosstool-NG/builds/xtensa-esp-elf --with-local-prefix=/builds/idf/crosstool-NG/builds/xtensa-esp-elf/xtensa-esp-elf --with-sysroot=/builds/idf/crosstool-NG/builds/xtensa-esp-elf/xtensa-esp-elf --with-native-system-header-dir=/include --with-headers=/builds/idf/crosstool-NG/builds/xtensa-esp-elf/xtensa-esp-elf/include --with-newlib --enable-threads=no --disable-shared --with-pkgversion='crosstool-NG esp-15.1.0_20250607' --disable-__cxa_atexit --enable-cxx-flags='-ffunction-sections -fdata-sections' --disable-libgomp --disable-libmudflap --disable-libmpx --disable-libssp --disable-libquadmath --disable-libquadmath-support --disable-libstdcxx-verbose --with-gmp=/builds/idf/crosstool-NG/.build/xtensa-esp-elf/buildtools --with-mpfr=/builds/idf/crosstool-NG/.build/xtensa-esp-elf/buildtools --with-mpc=/builds/idf/crosstool-NG/.build/xtensa-esp-elf/buildtools --with-isl=/builds/idf/crosstool-NG/.build/xtensa-esp-elf/buildtools --enable-lto --enable-target-optspace --without-long-double-128 --enable-plugin --disable-nls --enable-multiarch --enable-languages=c c++ --disable-libstdcxx-verbose --enable-threads=posix --enable-libstdcxx-time=yes --disable-win32-utf8-manifest]
  ignore line: [Thread model: posix]
  ignore line: [Supported LTO compression algorithms: zlib zstd]
  ignore line: [gcc version 15.1.0 (crosstool-NG esp-15.1.0_20250607) ]
  ignore line: [COMPILER_PATH=/home/umesh_adwait/.espressif/tools/xtensa-esp-elf/esp-15.1.0_20250607/xtensa-esp-elf/bin/../libexec/gcc/xtensa-esp-elf/15.1.0/:/home/umesh_adwait/.espressif/tools/xtensa-esp-elf/esp-15.1.0_20250607/xtensa-esp-elf/bin/../libexec/gcc/:/home/umesh_adwait/.espressif/tools/xtensa-esp-elf/esp-15.1.0_20250607/xtensa-esp-elf/bin/../lib/gcc/xtensa-esp-elf/15.1.0/../../../../xtensa-esp-elf/bin/]
  ignore line: [LIBRARY_PATH=/home/umesh_adwait/.espressif/tools/xtensa-esp-elf/esp-15.1.0_20250607/xtensa-esp-elf/bin/../lib/gcc/xtensa-esp-elf/15.1.0/esp32/:/home/umesh_adwait/.espressif/tools/xtensa-esp-elf/esp-15.1.0_20250607/xtensa-esp-elf/bin/../lib/gcc/xtensa-esp-elf/15.1.0/../../../../xtensa-esp-elf/lib/esp32/:/home/umesh_adwait/.espressif/tools/xtensa-esp-elf/esp-15.1.0_20250607/xtensa-esp-elf/bin/../xtensa-esp-elf/lib/esp32/:/home/umesh_adwait/.espressif/tools/xtensa-esp-elf/esp-15.1.0_20250607/xtensa-esp-elf/bin/../lib/gcc/xtensa-esp-elf/15.1.0/:/home/umesh_adwait/.espressif/tools/xtensa-esp-elf/esp-15.1.0_20250607/xtensa-esp-elf/bin/../lib/gcc/:/home/umesh_adwait/.espressif/tools/xtensa-esp-elf/esp-15.1.0_20250607/xtensa-esp-elf/bin/../lib/gcc/xtensa-esp-elf/15.1.0/../../../../xtensa-esp-elf/lib/:/home/umesh_adwait/.espressif/tools/xtensa-esp-elf/esp-15.1.0_20250607/xtensa-esp-elf/bin/../xtensa-esp-elf/lib/:/home/umesh_adwait/.espressif/tools/xtensa-esp-elf/esp-15.1.0_20250607/xtensa-esp-elf/bin/../xtensa-esp-elf/usr/lib/]
  ignore line: [COLLECT_GCC_OPTIONS='-mdynconfig=xtensa_esp32.so' '-mlongcalls' '-Wno-frame-address' '-fno-builtin-memcpy' '-fno-builtin-memset' '-fno-builtin-bzero' '-nostartfiles' '-v' '-o' 'cmTC_2c6a8' '-dumpdir' 'cmTC_2c6a8.']
  link line: [ /home/umesh_adwait/.espressif/tools/xtensa-esp-elf/esp-15.1.0_20250607/xtensa-esp-elf/bin/../libexec/gcc/xtensa-esp-elf/15.1.0/collect2 -plugin /home/umesh_adwait/.espressif/tools/xtensa-esp-elf/esp-15.1.0_20250607/xtensa-esp-elf/bin/../libexec/gcc/xtensa-esp-elf/15.1.0/liblto_plugin.so -plugin-opt=/home/umesh_adwait/.espressif/tools/xtensa-esp-elf/esp-15.1.0_20250607/xtensa-esp-elf/bin/../libexec/gcc/xtensa-esp-elf/15.1.0/lto-wrapper -plugin-opt=-fresolution=/tmp/ccwwFEiR.res -plugin-opt=-pass-through=-lgcc -plugin-opt=-pass-through=-lc -plugin-opt=-pass-through=-lnosys -plugin-opt=-pass-through=-lc -plugin-opt=-pass-through=-lgcc --sysroot=/home/umesh_adwait/.espressif/tools/xtensa-esp-elf/esp-15.1.0_20250607/xtensa-esp-elf/bin/../xtensa-esp-elf --dynconfig=xtensa_esp32.so -o cmTC_2c6a8 -L/home/umesh_adwait/.espressif/tools/xtensa-esp-elf/esp-15.1.0_20250607/xtensa-esp-elf/bin/../lib/gcc/xtensa-esp-elf/15.1.0/esp32 -L/home/umesh_adwait/.espressif/tools/xtensa-esp-elf/esp-15.1.0_20250607/xtensa-esp-elf/bin/../lib/gcc/xtensa-esp-elf/15.1.0/../../../../xtensa-esp-elf/lib/esp32 -L/home/umesh_adwait/.espressif/tools/xtensa-esp-elf/esp-15.1.0_20250607/xtensa-esp-elf/bin/../xtensa-esp-elf/lib/esp32 -L/home/umesh_adwait/.espressif/tools/xtensa-esp-elf/esp-15.1.0_20250607/xtensa-esp-elf/bin/../lib/gcc/xtensa-esp-elf/15.1.0 -L/home/umesh_adwait/.espressif/tools/xtensa-esp-elf/esp-15.1.0_20250607/xtensa-esp-elf/bin/../lib/gcc -L/home/umesh_adwait/.espressif/tools/xtensa-esp-elf/esp-15.1.0_20250607/xtensa-esp-elf/bin/../lib/gcc/xtensa-esp-elf/15.1.0/../../../../xtensa-esp-elf/lib -L/home/umesh_adwait/.espressif/tools/xtensa-esp-elf/esp-15.1.0_20250607/xtensa-esp-elf/bin/../xtensa-esp-elf/lib -L/home/umesh_adwait/.espressif/tools/xtensa-esp-elf/esp-15.1.0_20250607/xtensa-esp-elf/bin/../xtensa-esp-elf/usr/lib CMakeFiles/cmTC_2c6a8.dir/CMakeCXXCompilerABI.cpp.obj -lstdc++ -lm -lgcc -lc -lnosys -lc -lgcc]
    arg [/home/umesh_adwait/.espressif/tools/xtensa-esp-elf/esp-15.1.0_20250607/xtensa-esp-elf/bin/../libexec/gcc/xtensa-esp-elf/15.1.0/collect2] ==> ignore
    arg [-plugin] ==> ignore
    arg [/home/umesh_adwait/.espressif/tools/xtensa-esp-elf/esp-15.1.0_20250607/xtensa-esp-elf/bin/../libexec/gcc/xtensa-esp-elf/15.1.0/liblto_plugin.so] ==> ignore
    arg [-plugin-opt=/home/umesh_adwait/.espressif/tools/xtensa-esp-elf/esp-15.1.0_20250607/xtensa-esp-elf/bin/../libexec/gcc/xtensa-esp-elf/15.1.0/lto-wrapper] ==> ignore
    arg [-plugin-opt=-fresolution=/tmp/ccwwFEiR.res] ==> ignore
    arg [-plugin-opt=-pass-through=-lgcc] ==> ignore
    arg [-plugin-opt=-pass-through=-lc] ==> ignore
    arg [-plugin-opt=-pass-through=-lnosys] ==> ignore
    arg [-plugin-opt=-pass-through=-lc] ==> ignore
    arg [-plugin-opt=-pass-through=-lgcc] ==> ignore
    arg [--sysroot=/home/umesh_adwait/.espressif/tools/xtensa-esp-elf/esp-15.1.0_20250607/xtensa-esp-elf/bin/../xtensa-esp-elf] ==> ignore
    arg [--dynconfig=xtensa_esp32.so] ==> ignore
    arg [-o] ==> ignore
    arg [cmTC_2c6a8] ==> ignore
    arg [-L/home/umesh_adwait/.espressif/tools/xtensa-esp-elf/esp-15.1.0_20250607/xtensa-esp-elf/bin/../lib/gcc/xtensa-esp-elf/15.1.0/esp32] ==> dir [/home/umesh_adwait/.espressif/tools/xtensa-esp-elf/esp-15.1.0_20250607/xtensa-esp-elf/bin/../lib/gcc/xtensa-esp-elf/15.1.0/esp32]
    arg [-L/home/umesh_adwait/.espressif/tools/xtensa-esp-elf/esp-15.1.0_20250607/xtensa-esp-elf/bin/../lib/gcc/xtensa-esp-elf/15.1.0/../../../../xtensa-esp-elf/lib/esp32] ==> dir [/home/umesh_adwait/.espressif/tools/xtensa-esp-elf/esp-15.1.0_20250607/xtensa-esp-elf/bin/../lib/gcc/xtensa-esp-elf/15.1.0/../../../../xtensa-esp-elf/lib/esp32]
    arg [-L/home/umesh_adwait/.espressif/tools/xtensa-esp-elf/esp-15.1.0_20250607/xtensa-esp-elf/bin/../xtensa-esp-elf/lib/esp32] ==> dir [/home/umesh_adwait/.espressif/tools/xtensa-esp-elf/esp-15.1.0_20250607/xtensa-esp-elf/bin/../xtensa-esp-elf/lib/esp32]
    arg [-L/home/umesh_adwait/.espressif/tools/xtensa-esp-elf/esp-15.1.0_20250607/xtensa-esp-elf/bin/../lib/gcc/xtensa-esp-elf/15.1.0] ==> dir [/home/umesh_adwait/.espressif/tools/xtensa-esp-elf/esp-15.1.0_20250607/xtensa-esp-elf/bin/../lib/gcc/xtensa-esp-elf/15.1.0]
    arg [-L/home/umesh_adwait/.espressif/tools/xtensa-esp-elf/esp-15.1.0_20250607/xtensa-esp-elf/bin/../lib/gcc] ==> dir [/home/umesh_adwait/.espressif/tools/xtensa-esp-elf/esp-15.1.0_20250607/xtensa-esp-elf/bin/../lib/gcc]
    arg [-L/home/umesh_adwait/.espressif/tools/xtensa-esp-elf/esp-15.1.0_20250607/xtensa-esp-elf/bin/../lib/gcc/xtensa-esp-elf/15.1.0/../../../../xtensa-esp-elf/lib] ==> dir [/home/umesh_adwait/.espressif/tools/xtensa-esp-elf/esp-15.1.0_20250607/xtensa-esp-elf/bin/../lib/gcc/xtensa-esp-elf/15.1.0/../../../../xtensa-esp-elf/lib]
    arg [-L/home/umesh_adwait/.espressif/tools/xtensa-esp-elf/esp-15.1.0_20250607/xtensa-esp-elf/bin/../xtensa-esp-elf/lib] ==> dir [/home/umesh_adwait/.espressif/tools/xtensa-esp-elf/esp-15.1.0_20250607/xtensa-esp-elf/bin/../xtensa-esp-elf/lib]
    arg [-L/home/umesh_adwait/.espressif/tools/xtensa-esp-elf/esp-15.1.0_20250607/xtensa-esp-elf/bin/../xtensa-esp-elf/usr/lib] ==> dir [/home/umesh_adwait/.espressif/tools/xtensa-esp-elf/esp-15.1.0_20250607/xtensa-esp-elf/bin/../xtensa-esp-elf/usr/lib]
    arg [CMakeFiles/cmTC_2c6a8.dir/CMakeCXXCompilerABI.cpp.obj] ==> ignore
    arg [-lstdc++] ==> lib [stdc++]
    arg [-lm] ==> lib [m]
    arg [-lgcc] ==> lib [gcc]
    arg [-lc] ==> lib [c]
    arg [-lnosys] ==> lib [nosys]
    arg [-lc] ==> lib [c]
    arg [-lgcc] ==> lib [gcc]
  collapse library dir [/home/umesh_adwait/.espressif/tools/xtensa-esp-elf/esp-15.1.0_20250607/xtensa-esp-elf/bin/../lib/gcc/xtensa-esp-elf/15.1.0/esp32] ==> [/home/umesh_adwait/.espressif/tools/xtensa-esp-elf/esp-15.1.0_20250607/xtensa-esp-elf/lib/gcc/xtensa-esp-elf/15.1.0/esp32]
  collapse library dir [/home/umesh_adwait/.espressif/tools/xtensa-esp-elf/esp-15.1.0_20250607/xtensa-esp-elf/bin/../lib/gcc/xtensa-esp-elf/15.1.0/../../../../xtensa-esp-elf/lib/esp32] ==> [/home/umesh_adwait/.espressif/tools/xtensa-esp-elf/esp-15.1.0_20250607/xtensa-esp-elf/xtensa-esp-elf/lib/esp32]
  collapse library dir [/home/umesh_adwait/.espressif/tools/xtensa-esp-elf/esp-15.1.0_20250607/xtensa-esp-elf/bin/../xtensa-esp-elf/lib/esp32] ==> [/home/umesh_adwait/.espressif/tools/xtensa-esp-elf/esp-15.1.0_20250607/xtensa-esp-elf/xtensa-esp-elf/lib/esp32]
  collapse library dir [/home/umesh_adwait/.espressif/tools/xtensa-esp-elf/esp-15.1.0_20250607/xtensa-esp-elf/bin/../lib/gcc/xtensa-esp-elf/15.1.0] ==> [/home/umesh_adwait/.espressif/tools/xtensa-esp-elf/esp-15.1.0_20250607/xtensa-esp-elf/lib/gcc/xtensa-esp-elf/15.1.0]
  collapse library dir [/home/umesh_adwait/.espressif/tools/xtensa-esp-elf/esp-15.1.0_20250607/xtensa-esp-elf/bin/../lib/gcc] ==> [/home/umesh_adwait/.espressif/tools/xtensa-esp-elf/esp-15.1.0_20250607/xtensa-esp-elf/lib/gcc]
  collapse library dir [/home/umesh_adwait/.espressif/tools/xtensa-esp-elf/esp-15.1.0_20250607/xtensa-esp-elf/bin/../lib/gcc/xtensa-esp-elf/15.1.0/../../../../xtensa-esp-elf/lib] ==> [/home/umesh_adwait/.espressif/tools/xtensa-esp-elf/esp-15.1.0_20250607/xtensa-esp-elf/xtensa-esp-elf/lib]
  collapse library dir [/home/umesh_adwait/.espressif/tools/xtensa-esp-elf/esp-15.1.0_20250607/xtensa-esp-elf/bin/../xtensa-esp-elf/lib] ==> [/home/umesh_adwait/.espressif/tools/xtensa-esp-elf/esp-15.1.0_20250607/xtensa-esp-elf/xtensa-esp-elf/lib]
  collapse library dir [/home/umesh_adwait/.espressif/tools/xtensa-esp-elf/esp-15.1.0_20250607/xtensa-esp-elf/bin/../xtensa-esp-elf/usr/lib] ==> [/home/umesh_adwait/.espressif/tools/xtensa-esp-elf/esp-15.1.0_20250607/xtensa-esp-elf/xtensa-esp-elf/usr/lib]
  implicit libs: [stdc++;m;gcc;c;nosys;c;gcc]
  implicit dirs: [/home/umesh_adwait/.espressif/tools/xtensa-esp-elf/esp-15.1.0_20250607/xtensa-esp-elf/lib/gcc/xtensa-esp-elf/15.1.0/esp32;/home/umesh_adwait/.espressif/tools/xtensa-esp-elf/esp-15.1.0_20250607/xtensa-esp-elf/xtensa-esp-elf/lib/esp32;/home/umesh_adwait/.espressif/tools/xtensa-esp-elf/esp-15.1.0_20250607/xtensa-esp-elf/lib/gcc/xtensa-esp-elf/15.1.0;/home/umesh_adwait/.espressif/tools/xtensa-esp-elf/esp-15.1.0_20250607/xtensa-esp-elf/lib/gcc;/home/umesh_adwait/.espressif/tools/xtensa-esp-elf/esp-15.1.0_20250607/xtensa-esp-elf/xtensa-esp-elf/lib;/home/umesh_adwait/.espressif/tools/xtensa-esp-elf/esp-15.1.0_20250607/xtensa-esp-elf/xtensa-esp-elf/usr/lib]
  implicit fwks: []


Determining if the include file pthread.h exists passed with the following output:
Change Dir: /home/umesh_adwait/esp-idf/examples/get-started/test_phase2/build/CMakeFiles/CMakeTmp

Run Build Command(s):/usr/bin/make cmTC_dd367/fast && /usr/bin/make -f CMakeFiles/cmTC_dd367.dir/build.make CMakeFiles/cmTC_dd367.dir/build
make[1]: Entering directory '/home/umesh_adwait/esp-idf/examples/get-started/test_phase2/build/CMakeFiles/CMakeTmp'
Building C object CMakeFiles/cmTC_dd367.dir/CheckIncludeFile.c.obj
/home/umesh_adwait/.espressif/tools/xtensa-esp-elf/esp-15.1.0_20250607/xtensa-esp-elf/bin/xtensa-esp32-elf-gcc   -mlongcalls -Wno-frame-address -fno-builtin-memcpy -fno-builtin-memset -fno-builtin-bzero     -o CMakeFiles/cmTC_dd367.dir/CheckIncludeFile.c.obj   -c /home/umesh_adwait/esp-idf/examples/get-started/test_phase2/build/CMakeFiles/CMakeTmp/CheckIncludeFile.c
Linking C executable cmTC_dd367
/usr/bin/cmake -E cmake_link_script CMakeFiles/cmTC_dd367.dir/link.txt --verbose=1
/home/umesh_adwait/.espressif/tools/xtensa-esp-elf/esp-15.1.0_20250607/xtensa-esp-elf/bin/xtensa-esp32-elf-gcc -mlongcalls -Wno-frame-address -fno-builtin-memcpy -fno-builtin-memset -fno-builtin-bzero    -nostartfiles   CMakeFiles/cmTC_dd367.dir/CheckIncludeFile.c.obj  -o cmTC_dd367 
/home/umesh_adwait/.espressif/tools/xtensa-esp-elf/esp-15.1.0_20250607/xtensa-esp-elf/bin/../lib/gcc/xtensa-esp-elf/15.1.0/../../../../xtensa-esp-elf/bin/ld: warning: cannot find entry symbol _start; defaulting to 00400054
make[1]: Leaving directory '/home/umesh_adwait/esp-idf/examples/get-started/test_phase2/build/CMakeFiles/CMakeTmp'



Performing C SOURCE FILE Test CMAKE_HAVE_LIBC_PTHREAD succeeded with the following output:
Change Dir: /home/umesh_adwait/esp-idf/examples/get-started/test_phase2/build/CMakeFiles/CMakeTmp

Run Build Command(s):/usr/bin/make cmTC_ded1f/fast && /usr/bin/make -f CMakeFiles/cmTC_ded1f.dir/build.make CMakeFiles/cmTC_ded1f.dir/build
make[1]: Entering directory '/home/umesh_adwait/esp-idf/examples/get-started/test_phase2/build/CMakeFiles/CMakeTmp'
Building C object CMakeFiles/cmTC_ded1f.dir/src.c.obj
/home/umesh_adwait/.espressif/tools/xtensa-esp-elf/esp-15.1.0_20250607/xtensa-esp-elf/bin/xtensa-esp32-elf-gcc   -mlongcalls -Wno-frame-address -fno-builtin-memcpy -fno-builtin-memset -fno-builtin-bzero  -DCMAKE_HAVE_LIBC_PTHREAD   -o CMakeFiles/cmTC_ded1f.dir/src.c.obj   -c /home/umesh_adwait/esp-idf/examples/get-started/test_phase2/build/CMakeFiles/CMakeTmp/src.c
Linking C executable cmTC_ded1f
/usr/bin/cmake -E cmake_link_script CMakeFiles/cmTC_ded1f.dir/link.txt --verbose=1
/home/umesh_adwait/.espressif/tools/xtensa-esp-elf/esp-15.1.0_20250607/xtensa-esp-elf/bin/xtensa-esp32-elf-gcc -mlongcalls -Wno-frame-address -fno-builtin-memcpy -fno-builtin-memset -fno-builtin-bzero  -DCMAKE_HAVE_LIBC_PTHREAD  -nostartfiles   CMakeFiles/cmTC_ded1f.dir/src.c.obj  -o cmTC_ded1f 
/home/umesh_adwait/.espressif/tools/xtensa-esp-elf/esp-15.1.0_20250607/xtensa-esp-elf/bin/../lib/gcc/xtensa-esp-elf/15.1.0/../../../../xtensa-esp-elf/bin/ld: CMakeFiles/cmTC_ded1f.dir/src.c.obj:(.literal+0x10): warning: pthread_atfork is not implemented and will always fail
/home/umesh_adwait/.espressif/tools/xtensa-esp-elf/esp-15.1.0_20250607/xtensa-esp-elf/bin/../lib/gcc/xtensa-esp-elf/15.1.0/../../../../xtensa-esp-elf/bin/ld: CMakeFiles/cmTC_ded1f.dir/src.c.obj:(.literal+0x4): warning: pthread_create is not implemented and will always fail
/home/umesh_adwait/.espressif/tools/xtensa-esp-elf/esp-15.1.0_20250607/xtensa-esp-elf/bin/../lib/gcc/xtensa-esp-elf/15.1.0/../../../../xtensa-esp-elf/bin/ld: CMakeFiles/cmTC_ded1f.dir/src.c.obj:(.literal+0x8): warning: pthread_detach is not implemented and will always fail
/home/umesh_adwait/.espressif/tools/xtensa-esp-elf/esp-15.1.0_20250607/xtensa-esp-elf/bin/../lib/gcc/xtensa-esp-elf/15.1.0/../../../../xtensa-esp-elf/bin/ld: CMakeFiles/cmTC_ded1f.dir/src.c.obj:(.literal+0x14): warning: pthread_exit is not implemented and will always fail
/home/umesh_adwait/.espressif/tools/xtensa-esp-elf/esp-15.1.0_20250607/xtensa-esp-elf/bin/../lib/gcc/xtensa-esp-elf/15.1.0/../../../../xtensa-esp-elf/bin/ld: CMakeFiles/cmTC_ded1f.dir/src.c.obj:(.literal+0xc): warning: pthread_join is not implemented and will always fail
/home/umesh_adwait/.espressif/tools/xtensa-esp-elf/esp-15.1.0_20250607/xtensa-esp-elf/bin/../lib/gcc/xtensa-esp-elf/15.1.0/../../../../xtensa-esp-elf/bin/ld: warning: cannot find entry symbol _start; defaulting to 00400054
make[1]: Leaving directory '/home/umesh_adwait/esp-idf/examples/get-started/test_phase2/build/CMakeFiles/CMakeTmp'


Source file was:
#include <pthread.h>

void* test_func(void* data)
{
  return data;
}

int main(void)
{
  pthread_t thread;
  pthread_create(&thread, NULL, test_func, NULL);
  pthread_detach(thread);
  pthread_join(thread, NULL);
  pthread_atfork(NULL, NULL, NULL);
  pthread_exit(NULL);

  return 0;
}

Performing C SOURCE FILE Test C_COMPILER_SUPPORTS_WFORMAT_SIGNEDNESS succeeded with the following output:
Change Dir: /home/umesh_adwait/esp-idf/examples/get-started/test_phase2/build/CMakeFiles/CMakeTmp

Run Build Command(s):/usr/bin/make cmTC_39c67/fast && /usr/bin/make -f CMakeFiles/cmTC_39c67.dir/build.make CMakeFiles/cmTC_39c67.dir/build
make[1]: Entering directory '/home/umesh_adwait/esp-idf/examples/get-started/test_phase2/build/CMakeFiles/CMakeTmp'
Building C object CMakeFiles/cmTC_39c67.dir/src.c.obj
/home/umesh_adwait/.espressif/tools/xtensa-esp-elf/esp-15.1.0_20250607/xtensa-esp-elf/bin/xtensa-esp32-elf-gcc   -mlongcalls -Wno-frame-address -fno-builtin-memcpy -fno-builtin-memset -fno-builtin-bzero  -Wall -Wextra -Wwrite-strings -Wmissing-prototypes -Wformat=2 -Wno-format-nonliteral -Wvla -Wlogical-op -Wshadow -DC_COMPILER_SUPPORTS_WFORMAT_SIGNEDNESS   -Wformat-signedness -o CMakeFiles/cmTC_39c67.dir/src.c.obj   -c /home/umesh_adwait/esp-idf/examples/get-started/test_phase2/build/CMakeFiles/CMakeTmp/src.c
Linking C executable cmTC_39c67
/usr/bin/cmake -E cmake_link_script CMakeFiles/cmTC_39c67.dir/link.txt --verbose=1
/home/umesh_adwait/.espressif/tools/xtensa-esp-elf/esp-15.1.0_20250607/xtensa-esp-elf/bin/xtensa-esp32-elf-gcc -mlongcalls -Wno-frame-address -fno-builtin-memcpy -fno-builtin-memset -fno-builtin-bzero  -Wall -Wextra -Wwrite-strings -Wmissing-prototypes -Wformat=2 -Wno-format-nonliteral -Wvla -Wlogical-op -Wshadow -DC_COMPILER_SUPPORTS_WFORMAT_SIGNEDNESS  -nostartfiles   CMakeFiles/cmTC_39c67.dir/src.c.obj  -o cmTC_39c67 
/home/umesh_adwait/.espressif/tools/xtensa-esp-elf/esp-15.1.0_20250607/xtensa-esp-elf/bin/../lib/gcc/xtensa-esp-elf/15.1.0/../../../../xtensa-esp-elf/bin/ld: warning: cannot find entry symbol _start; defaulting to 00400054
make[1]: Leaving directory '/home/umesh_adwait/esp-idf/examples/get-started/test_phase2/build/CMakeFiles/CMakeTmp'


Source file was:
int main(void) { return 0; }
